<?xml version="1.0" encoding="UTF-8"?>
<testsuites>
  <testsuite name="/var/www/html/phpunit.xml" tests="536" assertions="2172" errors="3" failures="7" skipped="2" time="3.095667">
    <testsuite name="Unit Tests" tests="536" assertions="2172" errors="3" failures="7" skipped="2" time="3.095667">
      <testsuite name="Tests\Unit\Authentication\Middleware\AuthenticateApiMiddlewareTest" file="/var/www/html/tests/Unit/Authentication/Middleware/AuthenticateApiMiddlewareTest.php" tests="12" assertions="67" errors="0" failures="0" skipped="0" time="0.048288">
        <testcase name="testAllowsAlreadyAuthenticatedUser" file="/var/www/html/tests/Unit/Authentication/Middleware/AuthenticateApiMiddlewareTest.php" line="55" class="Tests\Unit\Authentication\Middleware\AuthenticateApiMiddlewareTest" classname="Tests.Unit.Authentication.Middleware.AuthenticateApiMiddlewareTest" assertions="3" time="0.028464"/>
        <testcase name="testReturns401WhenNoApiTokenHeader" file="/var/www/html/tests/Unit/Authentication/Middleware/AuthenticateApiMiddlewareTest.php" line="73" class="Tests\Unit\Authentication\Middleware\AuthenticateApiMiddlewareTest" classname="Tests.Unit.Authentication.Middleware.AuthenticateApiMiddlewareTest" assertions="3" time="0.002109"/>
        <testcase name="testAllowsRequestWithApiTokenHeader" file="/var/www/html/tests/Unit/Authentication/Middleware/AuthenticateApiMiddlewareTest.php" line="90" class="Tests\Unit\Authentication\Middleware\AuthenticateApiMiddlewareTest" classname="Tests.Unit.Authentication.Middleware.AuthenticateApiMiddlewareTest" assertions="3" time="0.001833"/>
        <testcase name="testHandlesEmptyApiTokenHeader" file="/var/www/html/tests/Unit/Authentication/Middleware/AuthenticateApiMiddlewareTest.php" line="107" class="Tests\Unit\Authentication\Middleware\AuthenticateApiMiddlewareTest" classname="Tests.Unit.Authentication.Middleware.AuthenticateApiMiddlewareTest" assertions="2" time="0.001815"/>
        <testcase name="testExactHeaderCaseRequired" file="/var/www/html/tests/Unit/Authentication/Middleware/AuthenticateApiMiddlewareTest.php" line="123" class="Tests\Unit\Authentication\Middleware\AuthenticateApiMiddlewareTest" classname="Tests.Unit.Authentication.Middleware.AuthenticateApiMiddlewareTest" assertions="8" time="0.001764"/>
        <testcase name="testWithDifferentApiTokenValues" file="/var/www/html/tests/Unit/Authentication/Middleware/AuthenticateApiMiddlewareTest.php" line="163" class="Tests\Unit\Authentication\Middleware\AuthenticateApiMiddlewareTest" classname="Tests.Unit.Authentication.Middleware.AuthenticateApiMiddlewareTest" assertions="16" time="0.001870"/>
        <testcase name="testWithDifferentRequestMethods" file="/var/www/html/tests/Unit/Authentication/Middleware/AuthenticateApiMiddlewareTest.php" line="192" class="Tests\Unit\Authentication\Middleware\AuthenticateApiMiddlewareTest" classname="Tests.Unit.Authentication.Middleware.AuthenticateApiMiddlewareTest" assertions="12" time="0.001803"/>
        <testcase name="testUserInterfaceTypeCheck" file="/var/www/html/tests/Unit/Authentication/Middleware/AuthenticateApiMiddlewareTest.php" line="223" class="Tests\Unit\Authentication\Middleware\AuthenticateApiMiddlewareTest" classname="Tests.Unit.Authentication.Middleware.AuthenticateApiMiddlewareTest" assertions="2" time="0.001627"/>
        <testcase name="testMultipleHeadersWithApiToken" file="/var/www/html/tests/Unit/Authentication/Middleware/AuthenticateApiMiddlewareTest.php" line="257" class="Tests\Unit\Authentication\Middleware\AuthenticateApiMiddlewareTest" classname="Tests.Unit.Authentication.Middleware.AuthenticateApiMiddlewareTest" assertions="2" time="0.001650"/>
        <testcase name="testReturnsCorrectUnauthorizedResponse" file="/var/www/html/tests/Unit/Authentication/Middleware/AuthenticateApiMiddlewareTest.php" line="281" class="Tests\Unit\Authentication\Middleware\AuthenticateApiMiddlewareTest" classname="Tests.Unit.Authentication.Middleware.AuthenticateApiMiddlewareTest" assertions="3" time="0.001983"/>
        <testcase name="testMiddlewareDoesNotModifyRequest" file="/var/www/html/tests/Unit/Authentication/Middleware/AuthenticateApiMiddlewareTest.php" line="297" class="Tests\Unit\Authentication\Middleware\AuthenticateApiMiddlewareTest" classname="Tests.Unit.Authentication.Middleware.AuthenticateApiMiddlewareTest" assertions="3" time="0.001693"/>
        <testcase name="testWithApiRoutePatterns" file="/var/www/html/tests/Unit/Authentication/Middleware/AuthenticateApiMiddlewareTest.php" line="314" class="Tests\Unit\Authentication\Middleware\AuthenticateApiMiddlewareTest" classname="Tests.Unit.Authentication.Middleware.AuthenticateApiMiddlewareTest" assertions="10" time="0.001676"/>
      </testsuite>
      <testsuite name="Tests\Unit\Authentication\Middleware\AuthenticateCookieMiddlewareTest" file="/var/www/html/tests/Unit/Authentication/Middleware/AuthenticateCookieMiddlewareTest.php" tests="12" assertions="80" errors="0" failures="0" skipped="0" time="0.032811">
        <testcase name="testSkipsIfUserAlreadyAuthenticated" file="/var/www/html/tests/Unit/Authentication/Middleware/AuthenticateCookieMiddlewareTest.php" line="100" class="Tests\Unit\Authentication\Middleware\AuthenticateCookieMiddlewareTest" classname="Tests.Unit.Authentication.Middleware.AuthenticateCookieMiddlewareTest" assertions="4" time="0.007964"/>
        <testcase name="testSkipsIfNoCookie" file="/var/www/html/tests/Unit/Authentication/Middleware/AuthenticateCookieMiddlewareTest.php" line="122" class="Tests\Unit\Authentication\Middleware\AuthenticateCookieMiddlewareTest" classname="Tests.Unit.Authentication.Middleware.AuthenticateCookieMiddlewareTest" assertions="3" time="0.002355"/>
        <testcase name="testSkipsIfEmptyCookie" file="/var/www/html/tests/Unit/Authentication/Middleware/AuthenticateCookieMiddlewareTest.php" line="139" class="Tests\Unit\Authentication\Middleware\AuthenticateCookieMiddlewareTest" classname="Tests.Unit.Authentication.Middleware.AuthenticateCookieMiddlewareTest" assertions="3" time="0.001771"/>
        <testcase name="testSkipsIfInvalidCookieFormat" file="/var/www/html/tests/Unit/Authentication/Middleware/AuthenticateCookieMiddlewareTest.php" line="156" class="Tests\Unit\Authentication\Middleware\AuthenticateCookieMiddlewareTest" classname="Tests.Unit.Authentication.Middleware.AuthenticateCookieMiddlewareTest" assertions="19" time="0.004245"/>
        <testcase name="testSkipsIfUserNotFound" file="/var/www/html/tests/Unit/Authentication/Middleware/AuthenticateCookieMiddlewareTest.php" line="189" class="Tests\Unit\Authentication\Middleware\AuthenticateCookieMiddlewareTest" classname="Tests.Unit.Authentication.Middleware.AuthenticateCookieMiddlewareTest" assertions="5" time="0.001852"/>
        <testcase name="testSkipsIfUserHasNoRememberToken" file="/var/www/html/tests/Unit/Authentication/Middleware/AuthenticateCookieMiddlewareTest.php" line="213" class="Tests\Unit\Authentication\Middleware\AuthenticateCookieMiddlewareTest" classname="Tests.Unit.Authentication.Middleware.AuthenticateCookieMiddlewareTest" assertions="5" time="0.001814"/>
        <testcase name="testSkipsIfTokenDoesNotMatch" file="/var/www/html/tests/Unit/Authentication/Middleware/AuthenticateCookieMiddlewareTest.php" line="238" class="Tests\Unit\Authentication\Middleware\AuthenticateCookieMiddlewareTest" classname="Tests.Unit.Authentication.Middleware.AuthenticateCookieMiddlewareTest" assertions="5" time="0.001838"/>
        <testcase name="testAuthenticatesUserWithValidCookie" file="/var/www/html/tests/Unit/Authentication/Middleware/AuthenticateCookieMiddlewareTest.php" line="264" class="Tests\Unit\Authentication\Middleware\AuthenticateCookieMiddlewareTest" classname="Tests.Unit.Authentication.Middleware.AuthenticateCookieMiddlewareTest" assertions="6" time="0.002299"/>
        <testcase name="testHandlesNumericUserIdInCookie" file="/var/www/html/tests/Unit/Authentication/Middleware/AuthenticateCookieMiddlewareTest.php" line="292" class="Tests\Unit\Authentication\Middleware\AuthenticateCookieMiddlewareTest" classname="Tests.Unit.Authentication.Middleware.AuthenticateCookieMiddlewareTest" assertions="5" time="0.001914"/>
        <testcase name="testSecureTokenComparison" file="/var/www/html/tests/Unit/Authentication/Middleware/AuthenticateCookieMiddlewareTest.php" line="319" class="Tests\Unit\Authentication\Middleware\AuthenticateCookieMiddlewareTest" classname="Tests.Unit.Authentication.Middleware.AuthenticateCookieMiddlewareTest" assertions="5" time="0.002202"/>
        <testcase name="testTokenHashingConsistency" file="/var/www/html/tests/Unit/Authentication/Middleware/AuthenticateCookieMiddlewareTest.php" line="351" class="Tests\Unit\Authentication\Middleware\AuthenticateCookieMiddlewareTest" classname="Tests.Unit.Authentication.Middleware.AuthenticateCookieMiddlewareTest" assertions="5" time="0.002299"/>
        <testcase name="testCookieValueParsing" file="/var/www/html/tests/Unit/Authentication/Middleware/AuthenticateCookieMiddlewareTest.php" line="379" class="Tests\Unit\Authentication\Middleware\AuthenticateCookieMiddlewareTest" classname="Tests.Unit.Authentication.Middleware.AuthenticateCookieMiddlewareTest" assertions="15" time="0.002258"/>
      </testsuite>
      <testsuite name="Tests\Unit\Authentication\Middleware\AuthenticateSessionMiddlewareTest" file="/var/www/html/tests/Unit/Authentication/Middleware/AuthenticateSessionMiddlewareTest.php" tests="9" assertions="49" errors="0" failures="0" skipped="0" time="0.018629">
        <testcase name="testAllowsAlreadyAuthenticatedUser" file="/var/www/html/tests/Unit/Authentication/Middleware/AuthenticateSessionMiddlewareTest.php" line="88" class="Tests\Unit\Authentication\Middleware\AuthenticateSessionMiddlewareTest" classname="Tests.Unit.Authentication.Middleware.AuthenticateSessionMiddlewareTest" assertions="3" time="0.003393"/>
        <testcase name="testRedirectsToLoginWhenNoUserIdInSession" file="/var/www/html/tests/Unit/Authentication/Middleware/AuthenticateSessionMiddlewareTest.php" line="106" class="Tests\Unit\Authentication\Middleware\AuthenticateSessionMiddlewareTest" classname="Tests.Unit.Authentication.Middleware.AuthenticateSessionMiddlewareTest" assertions="4" time="0.001792"/>
        <testcase name="testAuthenticatesUserFromSession" file="/var/www/html/tests/Unit/Authentication/Middleware/AuthenticateSessionMiddlewareTest.php" line="126" class="Tests\Unit\Authentication\Middleware\AuthenticateSessionMiddlewareTest" classname="Tests.Unit.Authentication.Middleware.AuthenticateSessionMiddlewareTest" assertions="7" time="0.001973"/>
        <testcase name="testRedirectsWhenUserNotFoundInDatabase" file="/var/www/html/tests/Unit/Authentication/Middleware/AuthenticateSessionMiddlewareTest.php" line="159" class="Tests\Unit\Authentication\Middleware\AuthenticateSessionMiddlewareTest" classname="Tests.Unit.Authentication.Middleware.AuthenticateSessionMiddlewareTest" assertions="7" time="0.001871"/>
        <testcase name="testRedirectsWhenUserIsNotUserInterface" file="/var/www/html/tests/Unit/Authentication/Middleware/AuthenticateSessionMiddlewareTest.php" line="189" class="Tests\Unit\Authentication\Middleware\AuthenticateSessionMiddlewareTest" classname="Tests.Unit.Authentication.Middleware.AuthenticateSessionMiddlewareTest" assertions="6" time="0.001914"/>
        <testcase name="testSetsRedirectionUrlFromCurrentUri" file="/var/www/html/tests/Unit/Authentication/Middleware/AuthenticateSessionMiddlewareTest.php" line="218" class="Tests\Unit\Authentication\Middleware\AuthenticateSessionMiddlewareTest" classname="Tests.Unit.Authentication.Middleware.AuthenticateSessionMiddlewareTest" assertions="8" time="0.001771"/>
        <testcase name="testHandlesSessionWithStringUserId" file="/var/www/html/tests/Unit/Authentication/Middleware/AuthenticateSessionMiddlewareTest.php" line="253" class="Tests\Unit\Authentication\Middleware\AuthenticateSessionMiddlewareTest" classname="Tests.Unit.Authentication.Middleware.AuthenticateSessionMiddlewareTest" assertions="5" time="0.001880"/>
        <testcase name="testHandlesInvalidUserIdInSession" file="/var/www/html/tests/Unit/Authentication/Middleware/AuthenticateSessionMiddlewareTest.php" line="283" class="Tests\Unit\Authentication\Middleware\AuthenticateSessionMiddlewareTest" classname="Tests.Unit.Authentication.Middleware.AuthenticateSessionMiddlewareTest" assertions="4" time="0.001972"/>
        <testcase name="testPreservesExistingSessionData" file="/var/www/html/tests/Unit/Authentication/Middleware/AuthenticateSessionMiddlewareTest.php" line="305" class="Tests\Unit\Authentication\Middleware\AuthenticateSessionMiddlewareTest" classname="Tests.Unit.Authentication.Middleware.AuthenticateSessionMiddlewareTest" assertions="5" time="0.002062"/>
      </testsuite>
      <testsuite name="Tests\Unit\Authentication\Middleware\GuestMiddlewareTest" file="/var/www/html/tests/Unit/Authentication/Middleware/GuestMiddlewareTest.php" tests="10" assertions="41" errors="0" failures="0" skipped="0" time="0.018504">
        <testcase name="testAllowsGuestUsers" file="/var/www/html/tests/Unit/Authentication/Middleware/GuestMiddlewareTest.php" line="52" class="Tests\Unit\Authentication\Middleware\GuestMiddlewareTest" classname="Tests.Unit.Authentication.Middleware.GuestMiddlewareTest" assertions="3" time="0.002641"/>
        <testcase name="testRedirectsAuthenticatedUsers" file="/var/www/html/tests/Unit/Authentication/Middleware/GuestMiddlewareTest.php" line="69" class="Tests\Unit\Authentication\Middleware\GuestMiddlewareTest" classname="Tests.Unit.Authentication.Middleware.GuestMiddlewareTest" assertions="4" time="0.002078"/>
        <testcase name="testRedirectsToHomeForAuthenticatedUser" file="/var/www/html/tests/Unit/Authentication/Middleware/GuestMiddlewareTest.php" line="88" class="Tests\Unit\Authentication\Middleware\GuestMiddlewareTest" classname="Tests.Unit.Authentication.Middleware.GuestMiddlewareTest" assertions="2" time="0.001715"/>
        <testcase name="testHandlesNullUser" file="/var/www/html/tests/Unit/Authentication/Middleware/GuestMiddlewareTest.php" line="103" class="Tests\Unit\Authentication\Middleware\GuestMiddlewareTest" classname="Tests.Unit.Authentication.Middleware.GuestMiddlewareTest" assertions="3" time="0.001536"/>
        <testcase name="testHandlesUserInterfaceImplementation" file="/var/www/html/tests/Unit/Authentication/Middleware/GuestMiddlewareTest.php" line="121" class="Tests\Unit\Authentication\Middleware\GuestMiddlewareTest" classname="Tests.Unit.Authentication.Middleware.GuestMiddlewareTest" assertions="2" time="0.001581"/>
        <testcase name="testWithDifferentRequestMethods" file="/var/www/html/tests/Unit/Authentication/Middleware/GuestMiddlewareTest.php" line="153" class="Tests\Unit\Authentication\Middleware\GuestMiddlewareTest" classname="Tests.Unit.Authentication.Middleware.GuestMiddlewareTest" assertions="10" time="0.001979"/>
        <testcase name="testWithDifferentGuestRoutes" file="/var/www/html/tests/Unit/Authentication/Middleware/GuestMiddlewareTest.php" line="184" class="Tests\Unit\Authentication\Middleware\GuestMiddlewareTest" classname="Tests.Unit.Authentication.Middleware.GuestMiddlewareTest" assertions="8" time="0.001776"/>
        <testcase name="testProcessReturnType" file="/var/www/html/tests/Unit/Authentication/Middleware/GuestMiddlewareTest.php" line="216" class="Tests\Unit\Authentication\Middleware\GuestMiddlewareTest" classname="Tests.Unit.Authentication.Middleware.GuestMiddlewareTest" assertions="2" time="0.001887"/>
        <testcase name="testRedirectResponseHeaders" file="/var/www/html/tests/Unit/Authentication/Middleware/GuestMiddlewareTest.php" line="238" class="Tests\Unit\Authentication\Middleware\GuestMiddlewareTest" classname="Tests.Unit.Authentication.Middleware.GuestMiddlewareTest" assertions="3" time="0.001639"/>
        <testcase name="testUserPropertyAccess" file="/var/www/html/tests/Unit/Authentication/Middleware/GuestMiddlewareTest.php" line="255" class="Tests\Unit\Authentication\Middleware\GuestMiddlewareTest" classname="Tests.Unit.Authentication.Middleware.GuestMiddlewareTest" assertions="4" time="0.001673"/>
      </testsuite>
      <testsuite name="Tests\Unit\Config\ConfigBagTest" file="/var/www/html/tests/Unit/Config/ConfigBagTest.php" tests="18" assertions="47" errors="0" failures="0" skipped="0" time="0.037420">
        <testcase name="testConstructorThrowsExceptionForNonExistentDirectory" file="/var/www/html/tests/Unit/Config/ConfigBagTest.php" line="43" class="Tests\Unit\Config\ConfigBagTest" classname="Tests.Unit.Config.ConfigBagTest" assertions="2" time="0.004315"/>
        <testcase name="testConstructorLoadsConfigFiles" file="/var/www/html/tests/Unit/Config/ConfigBagTest.php" line="51" class="Tests\Unit\Config\ConfigBagTest" classname="Tests.Unit.Config.ConfigBagTest" assertions="4" time="0.001974"/>
        <testcase name="testGetWithDotNotation" file="/var/www/html/tests/Unit/Config/ConfigBagTest.php" line="64" class="Tests\Unit\Config\ConfigBagTest" classname="Tests.Unit.Config.ConfigBagTest" assertions="2" time="0.001868"/>
        <testcase name="testGetReturnsDefaultForNonExistentKeys" file="/var/www/html/tests/Unit/Config/ConfigBagTest.php" line="81" class="Tests\Unit\Config\ConfigBagTest" classname="Tests.Unit.Config.ConfigBagTest" assertions="3" time="0.002088"/>
        <testcase name="testGetReturnsDefaultForInvalidPath" file="/var/www/html/tests/Unit/Config/ConfigBagTest.php" line="92" class="Tests\Unit\Config\ConfigBagTest" classname="Tests.Unit.Config.ConfigBagTest" assertions="1" time="0.001744"/>
        <testcase name="testGetCanReturnEntireConfigGroup" file="/var/www/html/tests/Unit/Config/ConfigBagTest.php" line="102" class="Tests\Unit\Config\ConfigBagTest" classname="Tests.Unit.Config.ConfigBagTest" assertions="1" time="0.001910"/>
        <testcase name="testGetCanReturnNestedArrays" file="/var/www/html/tests/Unit/Config/ConfigBagTest.php" line="112" class="Tests\Unit\Config\ConfigBagTest" classname="Tests.Unit.Config.ConfigBagTest" assertions="2" time="0.001905"/>
        <testcase name="testSetWithDotNotation" file="/var/www/html/tests/Unit/Config/ConfigBagTest.php" line="134" class="Tests\Unit\Config\ConfigBagTest" classname="Tests.Unit.Config.ConfigBagTest" assertions="3" time="0.001896"/>
        <testcase name="testSetCreatesNestedStructure" file="/var/www/html/tests/Unit/Config/ConfigBagTest.php" line="149" class="Tests\Unit\Config\ConfigBagTest" classname="Tests.Unit.Config.ConfigBagTest" assertions="2" time="0.001700"/>
        <testcase name="testSetOverwritesExistingValues" file="/var/www/html/tests/Unit/Config/ConfigBagTest.php" line="159" class="Tests\Unit\Config\ConfigBagTest" classname="Tests.Unit.Config.ConfigBagTest" assertions="2" time="0.001786"/>
        <testcase name="testSetCanOverwriteWithDifferentDataTypes" file="/var/www/html/tests/Unit/Config/ConfigBagTest.php" line="172" class="Tests\Unit\Config\ConfigBagTest" classname="Tests.Unit.Config.ConfigBagTest" assertions="3" time="0.001813"/>
        <testcase name="testSetCanReplaceScalarWithArray" file="/var/www/html/tests/Unit/Config/ConfigBagTest.php" line="186" class="Tests\Unit\Config\ConfigBagTest" classname="Tests.Unit.Config.ConfigBagTest" assertions="3" time="0.001835"/>
        <testcase name="testAllReturnsAllConfigData" file="/var/www/html/tests/Unit/Config/ConfigBagTest.php" line="198" class="Tests\Unit\Config\ConfigBagTest" classname="Tests.Unit.Config.ConfigBagTest" assertions="1" time="0.002263"/>
        <testcase name="testAllReflectsSetChanges" file="/var/www/html/tests/Unit/Config/ConfigBagTest.php" line="216" class="Tests\Unit\Config\ConfigBagTest" classname="Tests.Unit.Config.ConfigBagTest" assertions="1" time="0.001808"/>
        <testcase name="testEmptyConfigDirectory" file="/var/www/html/tests/Unit/Config/ConfigBagTest.php" line="232" class="Tests\Unit\Config\ConfigBagTest" classname="Tests.Unit.Config.ConfigBagTest" assertions="2" time="0.001642"/>
        <testcase name="testConfigFileWithComplexStructure" file="/var/www/html/tests/Unit/Config/ConfigBagTest.php" line="240" class="Tests\Unit\Config\ConfigBagTest" classname="Tests.Unit.Config.ConfigBagTest" assertions="4" time="0.001700"/>
        <testcase name="testConfigWithVariousDataTypes" file="/var/www/html/tests/Unit/Config/ConfigBagTest.php" line="268" class="Tests\Unit\Config\ConfigBagTest" classname="Tests.Unit.Config.ConfigBagTest" assertions="8" time="0.001742"/>
        <testcase name="testIgnoresNonPhpFiles" file="/var/www/html/tests/Unit/Config/ConfigBagTest.php" line="295" class="Tests\Unit\Config\ConfigBagTest" classname="Tests.Unit.Config.ConfigBagTest" assertions="3" time="0.003430"/>
      </testsuite>
      <testsuite name="Tests\Unit\DI\ContainerTest" file="/var/www/html/tests/Unit/DI/ContainerTest.php" tests="11" assertions="18" errors="0" failures="0" skipped="0" time="0.020517">
        <testcase name="testCanBindAndResolveSimpleClass" file="/var/www/html/tests/Unit/DI/ContainerTest.php" line="19" class="Tests\Unit\DI\ContainerTest" classname="Tests.Unit.DI.ContainerTest" assertions="1" time="0.002971"/>
        <testcase name="testCanBindWithClosure" file="/var/www/html/tests/Unit/DI/ContainerTest.php" line="28" class="Tests\Unit\DI\ContainerTest" classname="Tests.Unit.DI.ContainerTest" assertions="1" time="0.001841"/>
        <testcase name="testReturnsExistingInstance" file="/var/www/html/tests/Unit/DI/ContainerTest.php" line="37" class="Tests\Unit\DI\ContainerTest" classname="Tests.Unit.DI.ContainerTest" assertions="1" time="0.001807"/>
        <testcase name="testMakeCreatesNewInstance" file="/var/www/html/tests/Unit/DI/ContainerTest.php" line="47" class="Tests\Unit\DI\ContainerTest" classname="Tests.Unit.DI.ContainerTest" assertions="3" time="0.001602"/>
        <testcase name="testCanResolveClassWithDependencies" file="/var/www/html/tests/Unit/DI/ContainerTest.php" line="59" class="Tests\Unit\DI\ContainerTest" classname="Tests.Unit.DI.ContainerTest" assertions="2" time="0.001602"/>
        <testcase name="testHasReturnsTrueForBoundServices" file="/var/www/html/tests/Unit/DI/ContainerTest.php" line="70" class="Tests\Unit\DI\ContainerTest" classname="Tests.Unit.DI.ContainerTest" assertions="2" time="0.001562"/>
        <testcase name="testThrowsExceptionForNonexistentClass" file="/var/www/html/tests/Unit/DI/ContainerTest.php" line="78" class="Tests\Unit\DI\ContainerTest" classname="Tests.Unit.DI.ContainerTest" assertions="1" time="0.001988"/>
        <testcase name="testThrowsExceptionForUninstantiableClass" file="/var/www/html/tests/Unit/DI/ContainerTest.php" line="85" class="Tests\Unit\DI\ContainerTest" classname="Tests.Unit.DI.ContainerTest" assertions="1" time="0.001752"/>
        <testcase name="testThrowsExceptionForMissingTypeHint" file="/var/www/html/tests/Unit/DI/ContainerTest.php" line="92" class="Tests\Unit\DI\ContainerTest" classname="Tests.Unit.DI.ContainerTest" assertions="2" time="0.001880"/>
        <testcase name="testThrowsExceptionForBuiltinParameter" file="/var/www/html/tests/Unit/DI/ContainerTest.php" line="100" class="Tests\Unit\DI\ContainerTest" classname="Tests.Unit.DI.ContainerTest" assertions="2" time="0.001692"/>
        <testcase name="testResolvesBuiltinParameterWithDefault" file="/var/www/html/tests/Unit/DI/ContainerTest.php" line="108" class="Tests\Unit\DI\ContainerTest" classname="Tests.Unit.DI.ContainerTest" assertions="2" time="0.001819"/>
      </testsuite>
      <testsuite name="Tests\Unit\Database\ModelTest" file="/var/www/html/tests/Unit/Database/ModelTest.php" tests="8" assertions="20" errors="0" failures="0" skipped="0" time="0.020656">
        <testcase name="testSetContainer" file="/var/www/html/tests/Unit/Database/ModelTest.php" line="28" class="Tests\Unit\Database\ModelTest" classname="Tests.Unit.Database.ModelTest" assertions="1" time="0.005649"/>
        <testcase name="testQuery" file="/var/www/html/tests/Unit/Database/ModelTest.php" line="36" class="Tests\Unit\Database\ModelTest" classname="Tests.Unit.Database.ModelTest" assertions="5" time="0.002621"/>
        <testcase name="testFind" file="/var/www/html/tests/Unit/Database/ModelTest.php" line="58" class="Tests\Unit\Database\ModelTest" classname="Tests.Unit.Database.ModelTest" assertions="3" time="0.002246"/>
        <testcase name="testAll" file="/var/www/html/tests/Unit/Database/ModelTest.php" line="84" class="Tests\Unit\Database\ModelTest" classname="Tests.Unit.Database.ModelTest" assertions="2" time="0.002239"/>
        <testcase name="testCreate" file="/var/www/html/tests/Unit/Database/ModelTest.php" line="109" class="Tests\Unit\Database\ModelTest" classname="Tests.Unit.Database.ModelTest" assertions="3" time="0.002592"/>
        <testcase name="testUpdateThrowsExceptionWithoutPrimaryKey" file="/var/www/html/tests/Unit/Database/ModelTest.php" line="135" class="Tests\Unit\Database\ModelTest" classname="Tests.Unit.Database.ModelTest" assertions="2" time="0.001775"/>
        <testcase name="testDeleteThrowsExceptionWithoutPrimaryKey" file="/var/www/html/tests/Unit/Database/ModelTest.php" line="144" class="Tests\Unit\Database\ModelTest" classname="Tests.Unit.Database.ModelTest" assertions="2" time="0.001749"/>
        <testcase name="testGetContainerThrowsExceptionWhenNotSet" file="/var/www/html/tests/Unit/Database/ModelTest.php" line="153" class="Tests\Unit\Database\ModelTest" classname="Tests.Unit.Database.ModelTest" assertions="2" time="0.001784"/>
      </testsuite>
      <testsuite name="Tests\Unit\Http\Middleware\EncryptCookiesTest" file="/var/www/html/tests/Unit/Http/Middleware/EncryptCookiesTest.php" tests="9" assertions="37" errors="0" failures="0" skipped="0" time="0.020433">
        <testcase name="testProcessWithNoCookies" file="/var/www/html/tests/Unit/Http/Middleware/EncryptCookiesTest.php" line="44" class="Tests\Unit\Http\Middleware\EncryptCookiesTest" classname="Tests.Unit.Http.Middleware.EncryptCookiesTest" assertions="4" time="0.004483"/>
        <testcase name="testDecryptsCookiesOnRequest" file="/var/www/html/tests/Unit/Http/Middleware/EncryptCookiesTest.php" line="60" class="Tests\Unit\Http\Middleware\EncryptCookiesTest" classname="Tests.Unit.Http.Middleware.EncryptCookiesTest" assertions="4" time="0.002543"/>
        <testcase name="testHandlesDecryptionFailure" file="/var/www/html/tests/Unit/Http/Middleware/EncryptCookiesTest.php" line="86" class="Tests\Unit\Http\Middleware\EncryptCookiesTest" classname="Tests.Unit.Http.Middleware.EncryptCookiesTest" assertions="4" time="0.002330"/>
        <testcase name="testEncryptsCookiesOnResponse" file="/var/www/html/tests/Unit/Http/Middleware/EncryptCookiesTest.php" line="108" class="Tests\Unit\Http\Middleware\EncryptCookiesTest" classname="Tests.Unit.Http.Middleware.EncryptCookiesTest" assertions="3" time="0.001843"/>
        <testcase name="testSkipsDisabledCookiesOnDecryption" file="/var/www/html/tests/Unit/Http/Middleware/EncryptCookiesTest.php" line="132" class="Tests\Unit\Http\Middleware\EncryptCookiesTest" classname="Tests.Unit.Http.Middleware.EncryptCookiesTest" assertions="5" time="0.001883"/>
        <testcase name="testSkipsDisabledCookiesOnEncryption" file="/var/www/html/tests/Unit/Http/Middleware/EncryptCookiesTest.php" line="162" class="Tests\Unit\Http\Middleware\EncryptCookiesTest" classname="Tests.Unit.Http.Middleware.EncryptCookiesTest" assertions="4" time="0.001835"/>
        <testcase name="testFullWorkflow" file="/var/www/html/tests/Unit/Http/Middleware/EncryptCookiesTest.php" line="190" class="Tests\Unit\Http\Middleware\EncryptCookiesTest" classname="Tests.Unit.Http.Middleware.EncryptCookiesTest" assertions="6" time="0.001907"/>
        <testcase name="testIsDisabledMethod" file="/var/www/html/tests/Unit/Http/Middleware/EncryptCookiesTest.php" line="228" class="Tests\Unit\Http\Middleware\EncryptCookiesTest" classname="Tests.Unit.Http.Middleware.EncryptCookiesTest" assertions="4" time="0.001687"/>
        <testcase name="testWithEmptyExceptArray" file="/var/www/html/tests/Unit/Http/Middleware/EncryptCookiesTest.php" line="248" class="Tests\Unit\Http\Middleware\EncryptCookiesTest" classname="Tests.Unit.Http.Middleware.EncryptCookiesTest" assertions="3" time="0.001922"/>
      </testsuite>
      <testsuite name="Tests\Unit\Http\Middleware\StartSessionTest" file="/var/www/html/tests/Unit/Http/Middleware/StartSessionTest.php" tests="11" assertions="69" errors="0" failures="0" skipped="0" time="0.034691">
        <testcase name="testSkipsIfSessionAlreadyActive" file="/var/www/html/tests/Unit/Http/Middleware/StartSessionTest.php" line="74" class="Tests\Unit\Http\Middleware\StartSessionTest" classname="Tests.Unit.Http.Middleware.StartSessionTest" assertions="3" time="0.006459"/>
        <testcase name="testStartsNewSession" file="/var/www/html/tests/Unit/Http/Middleware/StartSessionTest.php" line="103" class="Tests\Unit\Http\Middleware\StartSessionTest" classname="Tests.Unit.Http.Middleware.StartSessionTest" assertions="7" time="0.002689"/>
        <testcase name="testUsesCustomSessionLifetime" file="/var/www/html/tests/Unit/Http/Middleware/StartSessionTest.php" line="142" class="Tests\Unit\Http\Middleware\StartSessionTest" classname="Tests.Unit.Http.Middleware.StartSessionTest" assertions="5" time="0.002653"/>
        <testcase name="testUsesExistingSessionIdFromCookie" file="/var/www/html/tests/Unit/Http/Middleware/StartSessionTest.php" line="174" class="Tests\Unit\Http\Middleware\StartSessionTest" classname="Tests.Unit.Http.Middleware.StartSessionTest" assertions="6" time="0.002825"/>
        <testcase name="testIgnoresInvalidSessionIdFromCookie" file="/var/www/html/tests/Unit/Http/Middleware/StartSessionTest.php" line="210" class="Tests\Unit\Http\Middleware\StartSessionTest" classname="Tests.Unit.Http.Middleware.StartSessionTest" assertions="6" time="0.003310"/>
        <testcase name="testSetsSessionCookieOnResponse" file="/var/www/html/tests/Unit/Http/Middleware/StartSessionTest.php" line="246" class="Tests\Unit\Http\Middleware\StartSessionTest" classname="Tests.Unit.Http.Middleware.StartSessionTest" assertions="7" time="0.002646"/>
        <testcase name="testDoesNotSetCookieIfSessionIdUnchanged" file="/var/www/html/tests/Unit/Http/Middleware/StartSessionTest.php" line="283" class="Tests\Unit\Http\Middleware\StartSessionTest" classname="Tests.Unit.Http.Middleware.StartSessionTest" assertions="6" time="0.002617"/>
        <testcase name="testSessionCookieParameters" file="/var/www/html/tests/Unit/Http/Middleware/StartSessionTest.php" line="321" class="Tests\Unit\Http\Middleware\StartSessionTest" classname="Tests.Unit.Http.Middleware.StartSessionTest" assertions="10" time="0.003004"/>
        <testcase name="testHandlesEmptySessionCookie" file="/var/www/html/tests/Unit/Http/Middleware/StartSessionTest.php" line="365" class="Tests\Unit\Http\Middleware\StartSessionTest" classname="Tests.Unit.Http.Middleware.StartSessionTest" assertions="6" time="0.002713"/>
        <testcase name="testSessionStartsWithoutCookies" file="/var/www/html/tests/Unit/Http/Middleware/StartSessionTest.php" line="399" class="Tests\Unit\Http\Middleware\StartSessionTest" classname="Tests.Unit.Http.Middleware.StartSessionTest" assertions="7" time="0.002939"/>
        <testcase name="testResponseContainsNewSessionId" file="/var/www/html/tests/Unit/Http/Middleware/StartSessionTest.php" line="433" class="Tests\Unit\Http\Middleware\StartSessionTest" classname="Tests.Unit.Http.Middleware.StartSessionTest" assertions="6" time="0.002836"/>
      </testsuite>
      <testsuite name="Tests\Unit\Http\Middleware\TrimStringsTest" file="/var/www/html/tests/Unit/Http/Middleware/TrimStringsTest.php" tests="11" assertions="155" errors="0" failures="0" skipped="0" time="0.020274">
        <testcase name="testProcessWithNoPostData" file="/var/www/html/tests/Unit/Http/Middleware/TrimStringsTest.php" line="39" class="Tests\Unit\Http\Middleware\TrimStringsTest" classname="Tests.Unit.Http.Middleware.TrimStringsTest" assertions="4" time="0.002724"/>
        <testcase name="testTrimsStringValues" file="/var/www/html/tests/Unit/Http/Middleware/TrimStringsTest.php" line="57" class="Tests\Unit\Http\Middleware\TrimStringsTest" classname="Tests.Unit.Http.Middleware.TrimStringsTest" assertions="4" time="0.001606"/>
        <testcase name="testDoesNotTrimNonStringValues" file="/var/www/html/tests/Unit/Http/Middleware/TrimStringsTest.php" line="80" class="Tests\Unit\Http\Middleware\TrimStringsTest" classname="Tests.Unit.Http.Middleware.TrimStringsTest" assertions="7" time="0.001587"/>
        <testcase name="testTrimsEmptyStrings" file="/var/www/html/tests/Unit/Http/Middleware/TrimStringsTest.php" line="109" class="Tests\Unit\Http\Middleware\TrimStringsTest" classname="Tests.Unit.Http.Middleware.TrimStringsTest" assertions="6" time="0.001706"/>
        <testcase name="testTrimsStringWithInternalWhitespace" file="/var/www/html/tests/Unit/Http/Middleware/TrimStringsTest.php" line="136" class="Tests\Unit\Http\Middleware\TrimStringsTest" classname="Tests.Unit.Http.Middleware.TrimStringsTest" assertions="4" time="0.001590"/>
        <testcase name="testHandlesSpecialCharacters" file="/var/www/html/tests/Unit/Http/Middleware/TrimStringsTest.php" line="159" class="Tests\Unit\Http\Middleware\TrimStringsTest" classname="Tests.Unit.Http.Middleware.TrimStringsTest" assertions="5" time="0.001547"/>
        <testcase name="testProcessWithMixedDataTypes" file="/var/www/html/tests/Unit/Http/Middleware/TrimStringsTest.php" line="183" class="Tests\Unit\Http\Middleware\TrimStringsTest" classname="Tests.Unit.Http.Middleware.TrimStringsTest" assertions="12" time="0.002125"/>
        <testcase name="testDoesNotModifyOriginalArray" file="/var/www/html/tests/Unit/Http/Middleware/TrimStringsTest.php" line="222" class="Tests\Unit\Http\Middleware\TrimStringsTest" classname="Tests.Unit.Http.Middleware.TrimStringsTest" assertions="3" time="0.001703"/>
        <testcase name="testProcessWithGetRequest" file="/var/www/html/tests/Unit/Http/Middleware/TrimStringsTest.php" line="245" class="Tests\Unit\Http\Middleware\TrimStringsTest" classname="Tests.Unit.Http.Middleware.TrimStringsTest" assertions="3" time="0.001619"/>
        <testcase name="testLargePostData" file="/var/www/html/tests/Unit/Http/Middleware/TrimStringsTest.php" line="273" class="Tests\Unit\Http\Middleware\TrimStringsTest" classname="Tests.Unit.Http.Middleware.TrimStringsTest" assertions="101" time="0.002492"/>
        <testcase name="testStringWithOnlyWhitespace" file="/var/www/html/tests/Unit/Http/Middleware/TrimStringsTest.php" line="296" class="Tests\Unit\Http\Middleware\TrimStringsTest" classname="Tests.Unit.Http.Middleware.TrimStringsTest" assertions="6" time="0.001575"/>
      </testsuite>
      <testsuite name="Tests\Unit\Http\Middleware\VerifyCsrfTokenTest" file="/var/www/html/tests/Unit/Http/Middleware/VerifyCsrfTokenTest.php" tests="12" assertions="75" errors="0" failures="0" skipped="0" time="0.026212">
        <testcase name="testAllowsReadingMethods" file="/var/www/html/tests/Unit/Http/Middleware/VerifyCsrfTokenTest.php" line="50" class="Tests\Unit\Http\Middleware\VerifyCsrfTokenTest" classname="Tests.Unit.Http.Middleware.VerifyCsrfTokenTest" assertions="9" time="0.005020"/>
        <testcase name="testBlocksWritingMethodsWithoutToken" file="/var/www/html/tests/Unit/Http/Middleware/VerifyCsrfTokenTest.php" line="71" class="Tests\Unit\Http\Middleware\VerifyCsrfTokenTest" classname="Tests.Unit.Http.Middleware.VerifyCsrfTokenTest" assertions="16" time="0.002344"/>
        <testcase name="testAllowsWritingMethodsWithValidTokenInPost" file="/var/www/html/tests/Unit/Http/Middleware/VerifyCsrfTokenTest.php" line="98" class="Tests\Unit\Http\Middleware\VerifyCsrfTokenTest" classname="Tests.Unit.Http.Middleware.VerifyCsrfTokenTest" assertions="4" time="0.001848"/>
        <testcase name="testAllowsWritingMethodsWithValidTokenInHeader" file="/var/www/html/tests/Unit/Http/Middleware/VerifyCsrfTokenTest.php" line="120" class="Tests\Unit\Http\Middleware\VerifyCsrfTokenTest" classname="Tests.Unit.Http.Middleware.VerifyCsrfTokenTest" assertions="4" time="0.001784"/>
        <testcase name="testPrefersPostTokenOverHeader" file="/var/www/html/tests/Unit/Http/Middleware/VerifyCsrfTokenTest.php" line="142" class="Tests\Unit\Http\Middleware\VerifyCsrfTokenTest" classname="Tests.Unit.Http.Middleware.VerifyCsrfTokenTest" assertions="3" time="0.001757"/>
        <testcase name="testAllowsExcludedUris" file="/var/www/html/tests/Unit/Http/Middleware/VerifyCsrfTokenTest.php" line="169" class="Tests\Unit\Http\Middleware\VerifyCsrfTokenTest" classname="Tests.Unit.Http.Middleware.VerifyCsrfTokenTest" assertions="8" time="0.001807"/>
        <testcase name="testDoesNotExcludeNonMatchingUris" file="/var/www/html/tests/Unit/Http/Middleware/VerifyCsrfTokenTest.php" line="204" class="Tests\Unit\Http\Middleware\VerifyCsrfTokenTest" classname="Tests.Unit.Http.Middleware.VerifyCsrfTokenTest" assertions="9" time="0.002288"/>
        <testcase name="testRootPathExclusion" file="/var/www/html/tests/Unit/Http/Middleware/VerifyCsrfTokenTest.php" line="239" class="Tests\Unit\Http\Middleware\VerifyCsrfTokenTest" classname="Tests.Unit.Http.Middleware.VerifyCsrfTokenTest" assertions="2" time="0.001899"/>
        <testcase name="testInvalidTokenReturns419" file="/var/www/html/tests/Unit/Http/Middleware/VerifyCsrfTokenTest.php" line="265" class="Tests\Unit\Http\Middleware\VerifyCsrfTokenTest" classname="Tests.Unit.Http.Middleware.VerifyCsrfTokenTest" assertions="4" time="0.001942"/>
        <testcase name="testIsReadingMethod" file="/var/www/html/tests/Unit/Http/Middleware/VerifyCsrfTokenTest.php" line="287" class="Tests\Unit\Http\Middleware\VerifyCsrfTokenTest" classname="Tests.Unit.Http.Middleware.VerifyCsrfTokenTest" assertions="7" time="0.001897"/>
        <testcase name="testInExceptArrayMethod" file="/var/www/html/tests/Unit/Http/Middleware/VerifyCsrfTokenTest.php" line="314" class="Tests\Unit\Http\Middleware\VerifyCsrfTokenTest" classname="Tests.Unit.Http.Middleware.VerifyCsrfTokenTest" assertions="7" time="0.001875"/>
        <testcase name="testTokensMatchMethod" file="/var/www/html/tests/Unit/Http/Middleware/VerifyCsrfTokenTest.php" line="357" class="Tests\Unit\Http\Middleware\VerifyCsrfTokenTest" classname="Tests.Unit.Http.Middleware.VerifyCsrfTokenTest" assertions="2" time="0.001751"/>
      </testsuite>
      <testsuite name="Tests\Unit\Http\MiddlewareDispatcherTest" file="/var/www/html/tests/Unit/Http/MiddlewareDispatcherTest.php" tests="8" assertions="16" errors="0" failures="0" skipped="0" time="0.014804">
        <testcase name="testDispatchWithNoMiddleware" file="/var/www/html/tests/Unit/Http/MiddlewareDispatcherTest.php" line="41" class="Tests\Unit\Http\MiddlewareDispatcherTest" classname="Tests.Unit.Http.MiddlewareDispatcherTest" assertions="3" time="0.002713"/>
        <testcase name="testDispatchWithSingleMiddleware" file="/var/www/html/tests/Unit/Http/MiddlewareDispatcherTest.php" line="55" class="Tests\Unit\Http\MiddlewareDispatcherTest" classname="Tests.Unit.Http.MiddlewareDispatcherTest" assertions="3" time="0.001674"/>
        <testcase name="testDispatchWithMultipleMiddleware" file="/var/www/html/tests/Unit/Http/MiddlewareDispatcherTest.php" line="81" class="Tests\Unit\Http\MiddlewareDispatcherTest" classname="Tests.Unit.Http.MiddlewareDispatcherTest" assertions="3" time="0.001659"/>
        <testcase name="testMiddlewareCanModifyRequest" file="/var/www/html/tests/Unit/Http/MiddlewareDispatcherTest.php" line="123" class="Tests\Unit\Http\MiddlewareDispatcherTest" classname="Tests.Unit.Http.MiddlewareDispatcherTest" assertions="1" time="0.001687"/>
        <testcase name="testMiddlewareCanShortCircuit" file="/var/www/html/tests/Unit/Http/MiddlewareDispatcherTest.php" line="148" class="Tests\Unit\Http\MiddlewareDispatcherTest" classname="Tests.Unit.Http.MiddlewareDispatcherTest" assertions="2" time="0.001739"/>
        <testcase name="testMiddlewareExecutionOrder" file="/var/www/html/tests/Unit/Http/MiddlewareDispatcherTest.php" line="173" class="Tests\Unit\Http\MiddlewareDispatcherTest" classname="Tests.Unit.Http.MiddlewareDispatcherTest" assertions="1" time="0.001610"/>
        <testcase name="testDispatcherIndexResetsAfterDispatch" file="/var/www/html/tests/Unit/Http/MiddlewareDispatcherTest.php" line="231" class="Tests\Unit\Http\MiddlewareDispatcherTest" classname="Tests.Unit.Http.MiddlewareDispatcherTest" assertions="2" time="0.002007"/>
        <testcase name="testDispatchWithContainerResolution" file="/var/www/html/tests/Unit/Http/MiddlewareDispatcherTest.php" line="258" class="Tests\Unit\Http\MiddlewareDispatcherTest" classname="Tests.Unit.Http.MiddlewareDispatcherTest" assertions="1" time="0.001714"/>
      </testsuite>
      <testsuite name="Tests\Unit\Kernel\ConsoleKernelTest" file="/var/www/html/tests/Unit/Kernel/ConsoleKernelTest.php" tests="21" assertions="48" errors="0" failures="0" skipped="1" time="0.630244">
        <testcase name="testBootstrapSetsUpContainer" file="/var/www/html/tests/Unit/Kernel/ConsoleKernelTest.php" line="59" class="Tests\Unit\Kernel\ConsoleKernelTest" classname="Tests.Unit.Kernel.ConsoleKernelTest" assertions="5" time="0.020786"/>
        <testcase name="testBootstrapRegistersBuiltInCommands" file="/var/www/html/tests/Unit/Kernel/ConsoleKernelTest.php" line="74" class="Tests\Unit\Kernel\ConsoleKernelTest" classname="Tests.Unit.Kernel.ConsoleKernelTest" assertions="12" time="0.004615"/>
        <testcase name="testBootstrapDiscoversCustomCommands" file="/var/www/html/tests/Unit/Kernel/ConsoleKernelTest.php" line="106" class="Tests\Unit\Kernel\ConsoleKernelTest" classname="Tests.Unit.Kernel.ConsoleKernelTest" assertions="0" time="0.003307">
          <skipped/>
        </testcase>
        <testcase name="testHandleCliWithNoArguments" file="/var/www/html/tests/Unit/Kernel/ConsoleKernelTest.php" line="113" class="Tests\Unit\Kernel\ConsoleKernelTest" classname="Tests.Unit.Kernel.ConsoleKernelTest" assertions="2" time="0.005600"/>
        <testcase name="testHandleCliWithHelpCommand" file="/var/www/html/tests/Unit/Kernel/ConsoleKernelTest.php" line="122" class="Tests\Unit\Kernel\ConsoleKernelTest" classname="Tests.Unit.Kernel.ConsoleKernelTest" assertions="2" time="0.005269"/>
        <testcase name="testHandleCliWithHelpFlag" file="/var/www/html/tests/Unit/Kernel/ConsoleKernelTest.php" line="131" class="Tests\Unit\Kernel\ConsoleKernelTest" classname="Tests.Unit.Kernel.ConsoleKernelTest" assertions="2" time="0.005387"/>
        <testcase name="testHandleCliWithHelpShortFlag" file="/var/www/html/tests/Unit/Kernel/ConsoleKernelTest.php" line="140" class="Tests\Unit\Kernel\ConsoleKernelTest" classname="Tests.Unit.Kernel.ConsoleKernelTest" assertions="2" time="0.004706"/>
        <testcase name="testHandleCliWithUnknownCommand" file="/var/www/html/tests/Unit/Kernel/ConsoleKernelTest.php" line="149" class="Tests\Unit\Kernel\ConsoleKernelTest" classname="Tests.Unit.Kernel.ConsoleKernelTest" assertions="2" time="0.005267"/>
        <testcase name="testHandleCliWithValidCommand" file="/var/www/html/tests/Unit/Kernel/ConsoleKernelTest.php" line="158" class="Tests\Unit\Kernel\ConsoleKernelTest" classname="Tests.Unit.Kernel.ConsoleKernelTest" assertions="2" time="0.528963"/>
        <testcase name="testHandleCliWithCommandThatFails" file="/var/www/html/tests/Unit/Kernel/ConsoleKernelTest.php" line="169" class="Tests\Unit\Kernel\ConsoleKernelTest" classname="Tests.Unit.Kernel.ConsoleKernelTest" assertions="2" time="0.005691"/>
        <testcase name="testHandleCliWithCommandThatThrowsException" file="/var/www/html/tests/Unit/Kernel/ConsoleKernelTest.php" line="179" class="Tests\Unit\Kernel\ConsoleKernelTest" classname="Tests.Unit.Kernel.ConsoleKernelTest" assertions="2" time="0.005147"/>
        <testcase name="testGetCommandNameWithValidCommand" file="/var/www/html/tests/Unit/Kernel/ConsoleKernelTest.php" line="189" class="Tests\Unit\Kernel\ConsoleKernelTest" classname="Tests.Unit.Kernel.ConsoleKernelTest" assertions="1" time="0.001985"/>
        <testcase name="testGetCommandNameWithInvalidCommand" file="/var/www/html/tests/Unit/Kernel/ConsoleKernelTest.php" line="201" class="Tests\Unit\Kernel\ConsoleKernelTest" classname="Tests.Unit.Kernel.ConsoleKernelTest" assertions="2" time="0.002020"/>
        <testcase name="testDiscoverCommandsWithNonExistentDirectory" file="/var/www/html/tests/Unit/Kernel/ConsoleKernelTest.php" line="222" class="Tests\Unit\Kernel\ConsoleKernelTest" classname="Tests.Unit.Kernel.ConsoleKernelTest" assertions="1" time="0.004442"/>
        <testcase name="testHandleThrowsException" file="/var/www/html/tests/Unit/Kernel/ConsoleKernelTest.php" line="235" class="Tests\Unit\Kernel\ConsoleKernelTest" classname="Tests.Unit.Kernel.ConsoleKernelTest" assertions="2" time="0.001968"/>
        <testcase name="testTerminateThrowsException" file="/var/www/html/tests/Unit/Kernel/ConsoleKernelTest.php" line="243" class="Tests\Unit\Kernel\ConsoleKernelTest" classname="Tests.Unit.Kernel.ConsoleKernelTest" assertions="2" time="0.002176"/>
        <testcase name="testTerminateCliDoesNothing" file="/var/www/html/tests/Unit/Kernel/ConsoleKernelTest.php" line="252" class="Tests\Unit\Kernel\ConsoleKernelTest" classname="Tests.Unit.Kernel.ConsoleKernelTest" assertions="1" time="0.002055"/>
        <testcase name="testDisplayHelpWithTerminalWidth" file="/var/www/html/tests/Unit/Kernel/ConsoleKernelTest.php" line="260" class="Tests\Unit\Kernel\ConsoleKernelTest" classname="Tests.Unit.Kernel.ConsoleKernelTest" assertions="3" time="0.006320"/>
        <testcase name="testDisplayAppHelp" file="/var/www/html/tests/Unit/Kernel/ConsoleKernelTest.php" line="275" class="Tests\Unit\Kernel\ConsoleKernelTest" classname="Tests.Unit.Kernel.ConsoleKernelTest" assertions="1" time="0.004980"/>
        <testcase name="testDisplayHelpForSpecificCommand" file="/var/www/html/tests/Unit/Kernel/ConsoleKernelTest.php" line="290" class="Tests\Unit\Kernel\ConsoleKernelTest" classname="Tests.Unit.Kernel.ConsoleKernelTest" assertions="1" time="0.004601"/>
        <testcase name="testDisplayHelpForNonExistentCommand" file="/var/www/html/tests/Unit/Kernel/ConsoleKernelTest.php" line="304" class="Tests\Unit\Kernel\ConsoleKernelTest" classname="Tests.Unit.Kernel.ConsoleKernelTest" assertions="1" time="0.004963"/>
      </testsuite>
      <testsuite name="Tests\Unit\Kernel\HttpKernelTest" file="/var/www/html/tests/Unit/Kernel/HttpKernelTest.php" tests="12" assertions="30" errors="0" failures="0" skipped="1" time="0.052602">
        <testcase name="testBootstrapSetsUpContainer" file="/var/www/html/tests/Unit/Kernel/HttpKernelTest.php" line="44" class="Tests\Unit\Kernel\HttpKernelTest" classname="Tests.Unit.Kernel.HttpKernelTest" assertions="7" time="0.015468"/>
        <testcase name="testBootstrapSetsUpWhoopsInDevelopment" file="/var/www/html/tests/Unit/Kernel/HttpKernelTest.php" line="78" class="Tests\Unit\Kernel\HttpKernelTest" classname="Tests.Unit.Kernel.HttpKernelTest" assertions="1" time="0.002421"/>
        <testcase name="testHandleBootstrapsIfNeeded" file="/var/www/html/tests/Unit/Kernel/HttpKernelTest.php" line="131" class="Tests\Unit\Kernel\HttpKernelTest" classname="Tests.Unit.Kernel.HttpKernelTest" assertions="3" time="0.004823"/>
        <testcase name="testHandleWith404Route" file="/var/www/html/tests/Unit/Kernel/HttpKernelTest.php" line="153" class="Tests\Unit\Kernel\HttpKernelTest" classname="Tests.Unit.Kernel.HttpKernelTest" assertions="2" time="0.004489"/>
        <testcase name="testHandleWithValidRoute" file="/var/www/html/tests/Unit/Kernel/HttpKernelTest.php" line="174" class="Tests\Unit\Kernel\HttpKernelTest" classname="Tests.Unit.Kernel.HttpKernelTest" assertions="3" time="0.004362"/>
        <testcase name="testDispatchControllerMethod" file="/var/www/html/tests/Unit/Kernel/HttpKernelTest.php" line="198" class="Tests\Unit\Kernel\HttpKernelTest" classname="Tests.Unit.Kernel.HttpKernelTest" assertions="3" time="0.004321"/>
        <testcase name="testResolveMiddlewareMethod" file="/var/www/html/tests/Unit/Kernel/HttpKernelTest.php" line="226" class="Tests\Unit\Kernel\HttpKernelTest" classname="Tests.Unit.Kernel.HttpKernelTest" assertions="3" time="0.004608"/>
        <testcase name="testDispatchControllerWithInvalidMethod" file="/var/www/html/tests/Unit/Kernel/HttpKernelTest.php" line="269" class="Tests\Unit\Kernel\HttpKernelTest" classname="Tests.Unit.Kernel.HttpKernelTest" assertions="0" time="0.001891">
          <skipped/>
        </testcase>
        <testcase name="testDispatchControllerWithDependencyInjection" file="/var/www/html/tests/Unit/Kernel/HttpKernelTest.php" line="276" class="Tests\Unit\Kernel\HttpKernelTest" classname="Tests.Unit.Kernel.HttpKernelTest" assertions="3" time="0.004351"/>
        <testcase name="testTerminateDoesNothing" file="/var/www/html/tests/Unit/Kernel/HttpKernelTest.php" line="303" class="Tests\Unit\Kernel\HttpKernelTest" classname="Tests.Unit.Kernel.HttpKernelTest" assertions="1" time="0.001914"/>
        <testcase name="testHandleCliThrowsException" file="/var/www/html/tests/Unit/Kernel/HttpKernelTest.php" line="313" class="Tests\Unit\Kernel\HttpKernelTest" classname="Tests.Unit.Kernel.HttpKernelTest" assertions="2" time="0.001863"/>
        <testcase name="testTerminateCliThrowsException" file="/var/www/html/tests/Unit/Kernel/HttpKernelTest.php" line="321" class="Tests\Unit\Kernel\HttpKernelTest" classname="Tests.Unit.Kernel.HttpKernelTest" assertions="2" time="0.002093"/>
      </testsuite>
      <testsuite name="Tests\Unit\Kernel\KernelInterfaceTest" file="/var/www/html/tests/Unit/Kernel/KernelInterfaceTest.php" tests="16" assertions="49" errors="0" failures="0" skipped="0" time="0.050117">
        <testcase name="testHttpKernelImplementsKernelInterface" file="/var/www/html/tests/Unit/Kernel/KernelInterfaceTest.php" line="43" class="Tests\Unit\Kernel\KernelInterfaceTest" classname="Tests.Unit.Kernel.KernelInterfaceTest" assertions="1" time="0.002239"/>
        <testcase name="testConsoleKernelImplementsKernelInterface" file="/var/www/html/tests/Unit/Kernel/KernelInterfaceTest.php" line="50" class="Tests\Unit\Kernel\KernelInterfaceTest" classname="Tests.Unit.Kernel.KernelInterfaceTest" assertions="1" time="0.002217"/>
        <testcase name="testHttpKernelHasAllRequiredMethods" file="/var/www/html/tests/Unit/Kernel/KernelInterfaceTest.php" line="57" class="Tests\Unit\Kernel\KernelInterfaceTest" classname="Tests.Unit.Kernel.KernelInterfaceTest" assertions="5" time="0.001968"/>
        <testcase name="testConsoleKernelHasAllRequiredMethods" file="/var/www/html/tests/Unit/Kernel/KernelInterfaceTest.php" line="68" class="Tests\Unit\Kernel\KernelInterfaceTest" classname="Tests.Unit.Kernel.KernelInterfaceTest" assertions="5" time="0.001910"/>
        <testcase name="testHttpKernelBootstrapMethod" file="/var/www/html/tests/Unit/Kernel/KernelInterfaceTest.php" line="79" class="Tests\Unit\Kernel\KernelInterfaceTest" classname="Tests.Unit.Kernel.KernelInterfaceTest" assertions="1" time="0.004549"/>
        <testcase name="testConsoleKernelBootstrapMethod" file="/var/www/html/tests/Unit/Kernel/KernelInterfaceTest.php" line="105" class="Tests\Unit\Kernel\KernelInterfaceTest" classname="Tests.Unit.Kernel.KernelInterfaceTest" assertions="1" time="0.005176"/>
        <testcase name="testHttpKernelHandleReturnsResponse" file="/var/www/html/tests/Unit/Kernel/KernelInterfaceTest.php" line="115" class="Tests\Unit\Kernel\KernelInterfaceTest" classname="Tests.Unit.Kernel.KernelInterfaceTest" assertions="1" time="0.004884"/>
        <testcase name="testConsoleKernelHandleThrowsException" file="/var/www/html/tests/Unit/Kernel/KernelInterfaceTest.php" line="144" class="Tests\Unit\Kernel\KernelInterfaceTest" classname="Tests.Unit.Kernel.KernelInterfaceTest" assertions="2" time="0.002128"/>
        <testcase name="testHttpKernelHandleCliThrowsException" file="/var/www/html/tests/Unit/Kernel/KernelInterfaceTest.php" line="154" class="Tests\Unit\Kernel\KernelInterfaceTest" classname="Tests.Unit.Kernel.KernelInterfaceTest" assertions="2" time="0.001914"/>
        <testcase name="testConsoleKernelHandleCliReturnsInt" file="/var/www/html/tests/Unit/Kernel/KernelInterfaceTest.php" line="164" class="Tests\Unit\Kernel\KernelInterfaceTest" classname="Tests.Unit.Kernel.KernelInterfaceTest" assertions="2" time="0.005322">
          <system-out>Usage: elementary &lt;command&gt;

Available commands:
  [1m[0;34mcache:clear     [0m  Clear all compiled template cache files.
  [1m[0;34mmake:command    [0m  Create a new console command class. Usage: elementary make:command ProcessData --sig...
  [1m[0;34mmake:controller [0m  Create a new controller class
  [1m[0;34mmake:middleware [0m  Create a new middleware class
  [1m[0;34mmake:model      [0m  Create a new model class. The --table option can be used to specify the database tab...
  [1m[0;34msession:clean   [0m  Clean up old session files to free up space
  [1m[0;34mtemplate:compile[0m  Compile all template files to improve performance

For more information on a command, pass the -h or --help flag, e.g., "elementary cache:clear --help".
</system-out>
        </testcase>
        <testcase name="testHttpKernelTerminateAcceptsResponse" file="/var/www/html/tests/Unit/Kernel/KernelInterfaceTest.php" line="175" class="Tests\Unit\Kernel\KernelInterfaceTest" classname="Tests.Unit.Kernel.KernelInterfaceTest" assertions="1" time="0.002228"/>
        <testcase name="testConsoleKernelTerminateThrowsException" file="/var/www/html/tests/Unit/Kernel/KernelInterfaceTest.php" line="186" class="Tests\Unit\Kernel\KernelInterfaceTest" classname="Tests.Unit.Kernel.KernelInterfaceTest" assertions="2" time="0.002066"/>
        <testcase name="testHttpKernelTerminateCliThrowsException" file="/var/www/html/tests/Unit/Kernel/KernelInterfaceTest.php" line="197" class="Tests\Unit\Kernel\KernelInterfaceTest" classname="Tests.Unit.Kernel.KernelInterfaceTest" assertions="2" time="0.001960"/>
        <testcase name="testConsoleKernelTerminateCliAcceptsInt" file="/var/www/html/tests/Unit/Kernel/KernelInterfaceTest.php" line="207" class="Tests\Unit\Kernel\KernelInterfaceTest" classname="Tests.Unit.Kernel.KernelInterfaceTest" assertions="1" time="0.002000"/>
        <testcase name="testInterfaceMethodSignatures" file="/var/www/html/tests/Unit/Kernel/KernelInterfaceTest.php" line="221" class="Tests\Unit\Kernel\KernelInterfaceTest" classname="Tests.Unit.Kernel.KernelInterfaceTest" assertions="16" time="0.002469"/>
        <testcase name="testKernelContractCompliance" file="/var/www/html/tests/Unit/Kernel/KernelInterfaceTest.php" line="260" class="Tests\Unit\Kernel\KernelInterfaceTest" classname="Tests.Unit.Kernel.KernelInterfaceTest" assertions="6" time="0.007086"/>
      </testsuite>
      <testsuite name="Tests\Unit\Routing\RouterTest" file="/var/www/html/tests/Unit/Routing/RouterTest.php" tests="16" assertions="43" errors="0" failures="0" skipped="0" time="0.028878">
        <testcase name="testCanCreateGetRoute" file="/var/www/html/tests/Unit/Routing/RouterTest.php" line="26" class="Tests\Unit\Routing\RouterTest" classname="Tests.Unit.Routing.RouterTest" assertions="3" time="0.001662"/>
        <testcase name="testCanCreatePostRoute" file="/var/www/html/tests/Unit/Routing/RouterTest.php" line="35" class="Tests\Unit\Routing\RouterTest" classname="Tests.Unit.Routing.RouterTest" assertions="3" time="0.001621"/>
        <testcase name="testCanCreatePutRoute" file="/var/www/html/tests/Unit/Routing/RouterTest.php" line="44" class="Tests\Unit\Routing\RouterTest" classname="Tests.Unit.Routing.RouterTest" assertions="3" time="0.001605"/>
        <testcase name="testCanCreateDeleteRoute" file="/var/www/html/tests/Unit/Routing/RouterTest.php" line="53" class="Tests\Unit\Routing\RouterTest" classname="Tests.Unit.Routing.RouterTest" assertions="3" time="0.001614"/>
        <testcase name="testCanCreatePatchRoute" file="/var/www/html/tests/Unit/Routing/RouterTest.php" line="62" class="Tests\Unit\Routing\RouterTest" classname="Tests.Unit.Routing.RouterTest" assertions="3" time="0.001696"/>
        <testcase name="testCanCreateRouteWithMultipleMethods" file="/var/www/html/tests/Unit/Routing/RouterTest.php" line="71" class="Tests\Unit\Routing\RouterTest" classname="Tests.Unit.Routing.RouterTest" assertions="3" time="0.001718"/>
        <testcase name="testCanCreateRouteWithAllMethods" file="/var/www/html/tests/Unit/Routing/RouterTest.php" line="80" class="Tests\Unit\Routing\RouterTest" classname="Tests.Unit.Routing.RouterTest" assertions="2" time="0.001699"/>
        <testcase name="testCanCreateNamedRoute" file="/var/www/html/tests/Unit/Routing/RouterTest.php" line="89" class="Tests\Unit\Routing\RouterTest" classname="Tests.Unit.Routing.RouterTest" assertions="1" time="0.001912"/>
        <testcase name="testCanCreateRouteWithMiddleware" file="/var/www/html/tests/Unit/Routing/RouterTest.php" line="96" class="Tests\Unit\Routing\RouterTest" classname="Tests.Unit.Routing.RouterTest" assertions="1" time="0.002766"/>
        <testcase name="testCanCreateRouteWithMultipleMiddleware" file="/var/www/html/tests/Unit/Routing/RouterTest.php" line="103" class="Tests\Unit\Routing\RouterTest" classname="Tests.Unit.Routing.RouterTest" assertions="2" time="0.001830"/>
        <testcase name="testCanCreateRouteGroup" file="/var/www/html/tests/Unit/Routing/RouterTest.php" line="113" class="Tests\Unit\Routing\RouterTest" classname="Tests.Unit.Routing.RouterTest" assertions="5" time="0.001735"/>
        <testcase name="testCanCreateNestedRouteGroups" file="/var/www/html/tests/Unit/Routing/RouterTest.php" line="129" class="Tests\Unit\Routing\RouterTest" classname="Tests.Unit.Routing.RouterTest" assertions="2" time="0.001695"/>
        <testcase name="testCanCreateRouteGroupWithMiddleware" file="/var/www/html/tests/Unit/Routing/RouterTest.php" line="143" class="Tests\Unit\Routing\RouterTest" classname="Tests.Unit.Routing.RouterTest" assertions="3" time="0.001725"/>
        <testcase name="testCanCreateRouteGroupWithMultipleMiddleware" file="/var/www/html/tests/Unit/Routing/RouterTest.php" line="157" class="Tests\Unit\Routing\RouterTest" classname="Tests.Unit.Routing.RouterTest" assertions="3" time="0.001814"/>
        <testcase name="testRouteGroupsStackCorrectly" file="/var/www/html/tests/Unit/Routing/RouterTest.php" line="171" class="Tests\Unit\Routing\RouterTest" classname="Tests.Unit.Routing.RouterTest" assertions="3" time="0.001940"/>
        <testcase name="testRoutesAreAddedToCollection" file="/var/www/html/tests/Unit/Routing/RouterTest.php" line="187" class="Tests\Unit\Routing\RouterTest" classname="Tests.Unit.Routing.RouterTest" assertions="3" time="0.001846"/>
      </testsuite>
      <testsuite name="Tests\Unit\Template\Cigg\AST\NodeTest" file="/var/www/html/tests/Unit/Template/Cigg/AST/NodeTest.php" tests="22" assertions="80" errors="0" failures="0" skipped="0" time="0.031109">
        <testcase name="test_document_node_creation" file="/var/www/html/tests/Unit/Template/Cigg/AST/NodeTest.php" line="17" class="Tests\Unit\Template\Cigg\AST\NodeTest" classname="Tests.Unit.Template.Cigg.AST.NodeTest" assertions="3" time="0.001383"/>
        <testcase name="test_document_node_empty_children" file="/var/www/html/tests/Unit/Template/Cigg/AST/NodeTest.php" line="31" class="Tests\Unit\Template\Cigg\AST\NodeTest" classname="Tests.Unit.Template.Cigg.AST.NodeTest" assertions="3" time="0.001254"/>
        <testcase name="test_text_node_creation" file="/var/www/html/tests/Unit/Template/Cigg/AST/NodeTest.php" line="40" class="Tests\Unit\Template\Cigg\AST\NodeTest" classname="Tests.Unit.Template.Cigg.AST.NodeTest" assertions="2" time="0.001224"/>
        <testcase name="test_text_node_empty_content" file="/var/www/html/tests/Unit/Template/Cigg/AST/NodeTest.php" line="49" class="Tests\Unit\Template\Cigg\AST\NodeTest" classname="Tests.Unit.Template.Cigg.AST.NodeTest" assertions="2" time="0.001204"/>
        <testcase name="test_text_node_multiline_content" file="/var/www/html/tests/Unit/Template/Cigg/AST/NodeTest.php" line="57" class="Tests\Unit\Template\Cigg\AST\NodeTest" classname="Tests.Unit.Template.Cigg.AST.NodeTest" assertions="3" time="0.001241"/>
        <testcase name="test_echo_node_creation" file="/var/www/html/tests/Unit/Template/Cigg/AST/NodeTest.php" line="67" class="Tests\Unit\Template\Cigg\AST\NodeTest" classname="Tests.Unit.Template.Cigg.AST.NodeTest" assertions="3" time="0.001244"/>
        <testcase name="test_echo_node_raw_mode" file="/var/www/html/tests/Unit/Template/Cigg/AST/NodeTest.php" line="77" class="Tests\Unit\Template\Cigg\AST\NodeTest" classname="Tests.Unit.Template.Cigg.AST.NodeTest" assertions="3" time="0.001253"/>
        <testcase name="test_echo_node_complex_expression" file="/var/www/html/tests/Unit/Template/Cigg/AST/NodeTest.php" line="87" class="Tests\Unit\Template\Cigg\AST\NodeTest" classname="Tests.Unit.Template.Cigg.AST.NodeTest" assertions="2" time="0.001356"/>
        <testcase name="test_directive_node_simple" file="/var/www/html/tests/Unit/Template/Cigg/AST/NodeTest.php" line="96" class="Tests\Unit\Template\Cigg\AST\NodeTest" classname="Tests.Unit.Template.Cigg.AST.NodeTest" assertions="4" time="0.001326"/>
        <testcase name="test_directive_node_without_expression" file="/var/www/html/tests/Unit/Template/Cigg/AST/NodeTest.php" line="106" class="Tests\Unit\Template\Cigg\AST\NodeTest" classname="Tests.Unit.Template.Cigg.AST.NodeTest" assertions="4" time="0.001404"/>
        <testcase name="test_directive_node_with_children" file="/var/www/html/tests/Unit/Template/Cigg/AST/NodeTest.php" line="116" class="Tests\Unit\Template\Cigg\AST\NodeTest" classname="Tests.Unit.Template.Cigg.AST.NodeTest" assertions="5" time="0.001390"/>
        <testcase name="test_component_node_self_closing" file="/var/www/html/tests/Unit/Template/Cigg/AST/NodeTest.php" line="132" class="Tests\Unit\Template\Cigg\AST\NodeTest" classname="Tests.Unit.Template.Cigg.AST.NodeTest" assertions="4" time="0.001244"/>
        <testcase name="test_component_node_with_slot" file="/var/www/html/tests/Unit/Template/Cigg/AST/NodeTest.php" line="147" class="Tests\Unit\Template\Cigg\AST\NodeTest" classname="Tests.Unit.Template.Cigg.AST.NodeTest" assertions="4" time="0.001463"/>
        <testcase name="test_component_node_dynamic_attributes" file="/var/www/html/tests/Unit/Template/Cigg/AST/NodeTest.php" line="166" class="Tests\Unit\Template\Cigg\AST\NodeTest" classname="Tests.Unit.Template.Cigg.AST.NodeTest" assertions="4" time="0.001250"/>
        <testcase name="test_visitor_pattern_document_node" file="/var/www/html/tests/Unit/Template/Cigg/AST/NodeTest.php" line="182" class="Tests\Unit\Template\Cigg\AST\NodeTest" classname="Tests.Unit.Template.Cigg.AST.NodeTest" assertions="3" time="0.002044"/>
        <testcase name="test_visitor_pattern_text_node" file="/var/www/html/tests/Unit/Template/Cigg/AST/NodeTest.php" line="196" class="Tests\Unit\Template\Cigg\AST\NodeTest" classname="Tests.Unit.Template.Cigg.AST.NodeTest" assertions="3" time="0.001483"/>
        <testcase name="test_visitor_pattern_echo_node" file="/var/www/html/tests/Unit/Template/Cigg/AST/NodeTest.php" line="210" class="Tests\Unit\Template\Cigg\AST\NodeTest" classname="Tests.Unit.Template.Cigg.AST.NodeTest" assertions="3" time="0.001555"/>
        <testcase name="test_visitor_pattern_directive_node" file="/var/www/html/tests/Unit/Template/Cigg/AST/NodeTest.php" line="224" class="Tests\Unit\Template\Cigg\AST\NodeTest" classname="Tests.Unit.Template.Cigg.AST.NodeTest" assertions="3" time="0.001578"/>
        <testcase name="test_visitor_pattern_component_node" file="/var/www/html/tests/Unit/Template/Cigg/AST/NodeTest.php" line="238" class="Tests\Unit\Template\Cigg\AST\NodeTest" classname="Tests.Unit.Template.Cigg.AST.NodeTest" assertions="3" time="0.002124"/>
        <testcase name="test_nodes_are_mutable" file="/var/www/html/tests/Unit/Template/Cigg/AST/NodeTest.php" line="252" class="Tests\Unit\Template\Cigg\AST\NodeTest" classname="Tests.Unit.Template.Cigg.AST.NodeTest" assertions="6" time="0.001399"/>
        <testcase name="test_nested_node_structures" file="/var/www/html/tests/Unit/Template/Cigg/AST/NodeTest.php" line="274" class="Tests\Unit\Template\Cigg\AST\NodeTest" classname="Tests.Unit.Template.Cigg.AST.NodeTest" assertions="8" time="0.001346"/>
        <testcase name="test_node_type_consistency" file="/var/www/html/tests/Unit/Template/Cigg/AST/NodeTest.php" line="306" class="Tests\Unit\Template\Cigg\AST\NodeTest" classname="Tests.Unit.Template.Cigg.AST.NodeTest" assertions="5" time="0.001345"/>
      </testsuite>
      <testsuite name="Tests\Unit\Template\Cigg\Compiler\CompilerTest" file="/var/www/html/tests/Unit/Template/Cigg/Compiler/CompilerTest.php" tests="32" assertions="81" errors="0" failures="0" skipped="0" time="0.052871">
        <testcase name="test_compile_empty_document" file="/var/www/html/tests/Unit/Template/Cigg/Compiler/CompilerTest.php" line="29" class="Tests\Unit\Template\Cigg\Compiler\CompilerTest" classname="Tests.Unit.Template.Cigg.Compiler.CompilerTest" assertions="1" time="0.001432"/>
        <testcase name="test_compile_text_node" file="/var/www/html/tests/Unit/Template/Cigg/Compiler/CompilerTest.php" line="38" class="Tests\Unit\Template\Cigg\Compiler\CompilerTest" classname="Tests.Unit.Template.Cigg.Compiler.CompilerTest" assertions="1" time="0.001466"/>
        <testcase name="test_compile_multiple_text_nodes" file="/var/www/html/tests/Unit/Template/Cigg/Compiler/CompilerTest.php" line="49" class="Tests\Unit\Template\Cigg\Compiler\CompilerTest" classname="Tests.Unit.Template.Cigg.Compiler.CompilerTest" assertions="1" time="0.001467"/>
        <testcase name="test_compile_echo_node_escaped" file="/var/www/html/tests/Unit/Template/Cigg/Compiler/CompilerTest.php" line="62" class="Tests\Unit\Template\Cigg\Compiler\CompilerTest" classname="Tests.Unit.Template.Cigg.Compiler.CompilerTest" assertions="1" time="0.001536"/>
        <testcase name="test_compile_echo_node_raw" file="/var/www/html/tests/Unit/Template/Cigg/Compiler/CompilerTest.php" line="73" class="Tests\Unit\Template\Cigg\Compiler\CompilerTest" classname="Tests.Unit.Template.Cigg.Compiler.CompilerTest" assertions="1" time="0.001555"/>
        <testcase name="test_compile_mixed_content" file="/var/www/html/tests/Unit/Template/Cigg/Compiler/CompilerTest.php" line="84" class="Tests\Unit\Template\Cigg\Compiler\CompilerTest" classname="Tests.Unit.Template.Cigg.Compiler.CompilerTest" assertions="1" time="0.001580"/>
        <testcase name="test_compile_simple_directive" file="/var/www/html/tests/Unit/Template/Cigg/Compiler/CompilerTest.php" line="98" class="Tests\Unit\Template\Cigg\Compiler\CompilerTest" classname="Tests.Unit.Template.Cigg.Compiler.CompilerTest" assertions="1" time="0.001708"/>
        <testcase name="test_compile_json_directive" file="/var/www/html/tests/Unit/Template/Cigg/Compiler/CompilerTest.php" line="109" class="Tests\Unit\Template\Cigg\Compiler\CompilerTest" classname="Tests.Unit.Template.Cigg.Compiler.CompilerTest" assertions="1" time="0.001557"/>
        <testcase name="test_compile_if_directive_block" file="/var/www/html/tests/Unit/Template/Cigg/Compiler/CompilerTest.php" line="120" class="Tests\Unit\Template\Cigg\Compiler\CompilerTest" classname="Tests.Unit.Template.Cigg.Compiler.CompilerTest" assertions="1" time="0.001763"/>
        <testcase name="test_compile_unless_directive_block" file="/var/www/html/tests/Unit/Template/Cigg/Compiler/CompilerTest.php" line="135" class="Tests\Unit\Template\Cigg\Compiler\CompilerTest" classname="Tests.Unit.Template.Cigg.Compiler.CompilerTest" assertions="1" time="0.001801"/>
        <testcase name="test_compile_foreach_directive_block" file="/var/www/html/tests/Unit/Template/Cigg/Compiler/CompilerTest.php" line="150" class="Tests\Unit\Template\Cigg\Compiler\CompilerTest" classname="Tests.Unit.Template.Cigg.Compiler.CompilerTest" assertions="1" time="0.001642"/>
        <testcase name="test_compile_section_directive" file="/var/www/html/tests/Unit/Template/Cigg/Compiler/CompilerTest.php" line="166" class="Tests\Unit\Template\Cigg\Compiler\CompilerTest" classname="Tests.Unit.Template.Cigg.Compiler.CompilerTest" assertions="1" time="0.001582"/>
        <testcase name="test_compile_nested_directives" file="/var/www/html/tests/Unit/Template/Cigg/Compiler/CompilerTest.php" line="181" class="Tests\Unit\Template\Cigg\Compiler\CompilerTest" classname="Tests.Unit.Template.Cigg.Compiler.CompilerTest" assertions="1" time="0.001628"/>
        <testcase name="test_compile_loop_directive_with_times" file="/var/www/html/tests/Unit/Template/Cigg/Compiler/CompilerTest.php" line="201" class="Tests\Unit\Template\Cigg\Compiler\CompilerTest" classname="Tests.Unit.Template.Cigg.Compiler.CompilerTest" assertions="4" time="0.001707"/>
        <testcase name="test_compile_elseif_and_else_directives" file="/var/www/html/tests/Unit/Template/Cigg/Compiler/CompilerTest.php" line="218" class="Tests\Unit\Template\Cigg\Compiler\CompilerTest" classname="Tests.Unit.Template.Cigg.Compiler.CompilerTest" assertions="4" time="0.001757"/>
        <testcase name="test_compile_self_closing_component" file="/var/www/html/tests/Unit/Template/Cigg/Compiler/CompilerTest.php" line="239" class="Tests\Unit\Template\Cigg\Compiler\CompilerTest" classname="Tests.Unit.Template.Cigg.Compiler.CompilerTest" assertions="5" time="0.001595"/>
        <testcase name="test_compile_component_with_dynamic_attributes" file="/var/www/html/tests/Unit/Template/Cigg/Compiler/CompilerTest.php" line="259" class="Tests\Unit\Template\Cigg\Compiler\CompilerTest" classname="Tests.Unit.Template.Cigg.Compiler.CompilerTest" assertions="3" time="0.001559"/>
        <testcase name="test_compile_component_with_slot" file="/var/www/html/tests/Unit/Template/Cigg/Compiler/CompilerTest.php" line="278" class="Tests\Unit\Template\Cigg\Compiler\CompilerTest" classname="Tests.Unit.Template.Cigg.Compiler.CompilerTest" assertions="4" time="0.001589"/>
        <testcase name="test_compile_custom_directive_class" file="/var/www/html/tests/Unit/Template/Cigg/Compiler/CompilerTest.php" line="297" class="Tests\Unit\Template\Cigg\Compiler\CompilerTest" classname="Tests.Unit.Template.Cigg.Compiler.CompilerTest" assertions="2" time="0.003614"/>
        <testcase name="test_compile_custom_callable_directive" file="/var/www/html/tests/Unit/Template/Cigg/Compiler/CompilerTest.php" line="316" class="Tests\Unit\Template\Cigg\Compiler\CompilerTest" classname="Tests.Unit.Template.Cigg.Compiler.CompilerTest" assertions="1" time="0.001537"/>
        <testcase name="test_compile_unknown_directive" file="/var/www/html/tests/Unit/Template/Cigg/Compiler/CompilerTest.php" line="333" class="Tests\Unit\Template\Cigg\Compiler\CompilerTest" classname="Tests.Unit.Template.Cigg.Compiler.CompilerTest" assertions="1" time="0.001506"/>
        <testcase name="test_compile_production_directive" file="/var/www/html/tests/Unit/Template/Cigg/Compiler/CompilerTest.php" line="344" class="Tests\Unit\Template\Cigg\Compiler\CompilerTest" classname="Tests.Unit.Template.Cigg.Compiler.CompilerTest" assertions="1" time="0.001621"/>
        <testcase name="test_compile_dump_and_dd_directives" file="/var/www/html/tests/Unit/Template/Cigg/Compiler/CompilerTest.php" line="359" class="Tests\Unit\Template\Cigg\Compiler\CompilerTest" classname="Tests.Unit.Template.Cigg.Compiler.CompilerTest" assertions="2" time="0.001584"/>
        <testcase name="test_compile_break_and_continue_directives" file="/var/www/html/tests/Unit/Template/Cigg/Compiler/CompilerTest.php" line="376" class="Tests\Unit\Template\Cigg\Compiler\CompilerTest" classname="Tests.Unit.Template.Cigg.Compiler.CompilerTest" assertions="2" time="0.001693"/>
        <testcase name="test_directive_registration_via_compiler" file="/var/www/html/tests/Unit/Template/Cigg/Compiler/CompilerTest.php" line="393" class="Tests\Unit\Template\Cigg\Compiler\CompilerTest" classname="Tests.Unit.Template.Cigg.Compiler.CompilerTest" assertions="2" time="0.001819"/>
        <testcase name="test_callable_directive_registration_via_compiler" file="/var/www/html/tests/Unit/Template/Cigg/Compiler/CompilerTest.php" line="406" class="Tests\Unit\Template\Cigg\Compiler\CompilerTest" classname="Tests.Unit.Template.Cigg.Compiler.CompilerTest" assertions="2" time="0.001541"/>
        <testcase name="test_is_block_directive_method" file="/var/www/html/tests/Unit/Template/Cigg/Compiler/CompilerTest.php" line="416" class="Tests\Unit\Template\Cigg\Compiler\CompilerTest" classname="Tests.Unit.Template.Cigg.Compiler.CompilerTest" assertions="8" time="0.001490"/>
        <testcase name="test_is_ending_directive_method" file="/var/www/html/tests/Unit/Template/Cigg/Compiler/CompilerTest.php" line="429" class="Tests\Unit\Template\Cigg\Compiler\CompilerTest" classname="Tests.Unit.Template.Cigg.Compiler.CompilerTest" assertions="8" time="0.001473"/>
        <testcase name="test_get_directive_precedence" file="/var/www/html/tests/Unit/Template/Cigg/Compiler/CompilerTest.php" line="442" class="Tests\Unit\Template\Cigg\Compiler\CompilerTest" classname="Tests.Unit.Template.Cigg.Compiler.CompilerTest" assertions="7" time="0.001411"/>
        <testcase name="test_validate_directive_nesting" file="/var/www/html/tests/Unit/Template/Cigg/Compiler/CompilerTest.php" line="453" class="Tests\Unit\Template\Cigg\Compiler\CompilerTest" classname="Tests.Unit.Template.Cigg.Compiler.CompilerTest" assertions="3" time="0.001505"/>
        <testcase name="test_compile_node_method" file="/var/www/html/tests/Unit/Template/Cigg/Compiler/CompilerTest.php" line="473" class="Tests\Unit\Template\Cigg\Compiler\CompilerTest" classname="Tests.Unit.Template.Cigg.Compiler.CompilerTest" assertions="1" time="0.001398"/>
        <testcase name="test_complex_nested_compilation" file="/var/www/html/tests/Unit/Template/Cigg/Compiler/CompilerTest.php" line="482" class="Tests\Unit\Template\Cigg\Compiler\CompilerTest" classname="Tests.Unit.Template.Cigg.Compiler.CompilerTest" assertions="8" time="0.001751"/>
      </testsuite>
      <testsuite name="Tests\Unit\Template\Cigg\Directives\DirectiveRegistryTest" file="/var/www/html/tests/Unit/Template/Cigg/Directives/DirectiveRegistryTest.php" tests="22" assertions="77" errors="0" failures="0" skipped="0" time="0.037821">
        <testcase name="test_constructor_creates_empty_registry" file="/var/www/html/tests/Unit/Template/Cigg/Directives/DirectiveRegistryTest.php" line="21" class="Tests\Unit\Template\Cigg\Directives\DirectiveRegistryTest" classname="Tests.Unit.Template.Cigg.Directives.DirectiveRegistryTest" assertions="3" time="0.001489"/>
        <testcase name="test_register_directive_class" file="/var/www/html/tests/Unit/Template/Cigg/Directives/DirectiveRegistryTest.php" line="30" class="Tests\Unit\Template\Cigg\Directives\DirectiveRegistryTest" classname="Tests.Unit.Template.Cigg.Directives.DirectiveRegistryTest" assertions="4" time="0.001733"/>
        <testcase name="test_register_callable_directive" file="/var/www/html/tests/Unit/Template/Cigg/Directives/DirectiveRegistryTest.php" line="42" class="Tests\Unit\Template\Cigg\Directives\DirectiveRegistryTest" classname="Tests.Unit.Template.Cigg.Directives.DirectiveRegistryTest" assertions="4" time="0.001391"/>
        <testcase name="test_get_nonexistent_directive_returns_null" file="/var/www/html/tests/Unit/Template/Cigg/Directives/DirectiveRegistryTest.php" line="56" class="Tests\Unit\Template\Cigg\Directives\DirectiveRegistryTest" classname="Tests.Unit.Template.Cigg.Directives.DirectiveRegistryTest" assertions="3" time="0.001393"/>
        <testcase name="test_register_multiple_directives" file="/var/www/html/tests/Unit/Template/Cigg/Directives/DirectiveRegistryTest.php" line="63" class="Tests\Unit\Template\Cigg\Directives\DirectiveRegistryTest" classname="Tests.Unit.Template.Cigg.Directives.DirectiveRegistryTest" assertions="7" time="0.001838"/>
        <testcase name="test_directive_names_contain_both_types" file="/var/www/html/tests/Unit/Template/Cigg/Directives/DirectiveRegistryTest.php" line="85" class="Tests\Unit\Template\Cigg\Directives\DirectiveRegistryTest" classname="Tests.Unit.Template.Cigg.Directives.DirectiveRegistryTest" assertions="3" time="0.002063"/>
        <testcase name="test_has_method_works_for_both_types" file="/var/www/html/tests/Unit/Template/Cigg/Directives/DirectiveRegistryTest.php" line="100" class="Tests\Unit\Template\Cigg\Directives\DirectiveRegistryTest" classname="Tests.Unit.Template.Cigg.Directives.DirectiveRegistryTest" assertions="3" time="0.001794"/>
        <testcase name="test_override_directive_with_same_name" file="/var/www/html/tests/Unit/Template/Cigg/Directives/DirectiveRegistryTest.php" line="113" class="Tests\Unit\Template\Cigg\Directives\DirectiveRegistryTest" classname="Tests.Unit.Template.Cigg.Directives.DirectiveRegistryTest" assertions="3" time="0.001917"/>
        <testcase name="test_override_callable_with_same_name" file="/var/www/html/tests/Unit/Template/Cigg/Directives/DirectiveRegistryTest.php" line="129" class="Tests\Unit\Template\Cigg\Directives\DirectiveRegistryTest" classname="Tests.Unit.Template.Cigg.Directives.DirectiveRegistryTest" assertions="2" time="0.001497"/>
        <testcase name="test_directive_class_takes_precedence_over_callable" file="/var/www/html/tests/Unit/Template/Cigg/Directives/DirectiveRegistryTest.php" line="142" class="Tests\Unit\Template\Cigg\Directives\DirectiveRegistryTest" classname="Tests.Unit.Template.Cigg.Directives.DirectiveRegistryTest" assertions="3" time="0.001753"/>
        <testcase name="test_remove_directive_class" file="/var/www/html/tests/Unit/Template/Cigg/Directives/DirectiveRegistryTest.php" line="161" class="Tests\Unit\Template\Cigg\Directives\DirectiveRegistryTest" classname="Tests.Unit.Template.Cigg.Directives.DirectiveRegistryTest" assertions="4" time="0.001751"/>
        <testcase name="test_remove_callable_directive" file="/var/www/html/tests/Unit/Template/Cigg/Directives/DirectiveRegistryTest.php" line="175" class="Tests\Unit\Template\Cigg\Directives\DirectiveRegistryTest" classname="Tests.Unit.Template.Cigg.Directives.DirectiveRegistryTest" assertions="4" time="0.001402"/>
        <testcase name="test_remove_both_types_with_same_name" file="/var/www/html/tests/Unit/Template/Cigg/Directives/DirectiveRegistryTest.php" line="189" class="Tests\Unit\Template\Cigg\Directives\DirectiveRegistryTest" classname="Tests.Unit.Template.Cigg.Directives.DirectiveRegistryTest" assertions="4" time="0.001664"/>
        <testcase name="test_remove_nonexistent_directive" file="/var/www/html/tests/Unit/Template/Cigg/Directives/DirectiveRegistryTest.php" line="206" class="Tests\Unit\Template\Cigg\Directives\DirectiveRegistryTest" classname="Tests.Unit.Template.Cigg.Directives.DirectiveRegistryTest" assertions="1" time="0.001428"/>
        <testcase name="test_clear_removes_all_directives" file="/var/www/html/tests/Unit/Template/Cigg/Directives/DirectiveRegistryTest.php" line="214" class="Tests\Unit\Template\Cigg\Directives\DirectiveRegistryTest" classname="Tests.Unit.Template.Cigg.Directives.DirectiveRegistryTest" assertions="6" time="0.001866"/>
        <testcase name="test_get_all_directives_returns_only_class_instances" file="/var/www/html/tests/Unit/Template/Cigg/Directives/DirectiveRegistryTest.php" line="237" class="Tests\Unit\Template\Cigg\Directives\DirectiveRegistryTest" classname="Tests.Unit.Template.Cigg.Directives.DirectiveRegistryTest" assertions="4" time="0.001820"/>
[...]
        <testcase name="testRemoveNonExistentKeyDoesNotThrow" file="/var/www/html/tests/Unit/Utils/ParameterBagTest.php" line="112" class="Tests\Unit\Utils\ParameterBagTest" classname="Tests.Unit.Utils.ParameterBagTest" assertions="1" time="0.001424"/>
        <testcase name="testClearRemovesAllParameters" file="/var/www/html/tests/Unit/Utils/ParameterBagTest.php" line="120" class="Tests\Unit\Utils\ParameterBagTest" classname="Tests.Unit.Utils.ParameterBagTest" assertions="5" time="0.001452"/>
        <testcase name="testAllReturnsAllParameters" file="/var/www/html/tests/Unit/Utils/ParameterBagTest.php" line="134" class="Tests\Unit\Utils\ParameterBagTest" classname="Tests.Unit.Utils.ParameterBagTest" assertions="1" time="0.001514"/>
        <testcase name="testOnlyReturnsSpecifiedKeys" file="/var/www/html/tests/Unit/Utils/ParameterBagTest.php" line="149" class="Tests\Unit\Utils\ParameterBagTest" classname="Tests.Unit.Utils.ParameterBagTest" assertions="1" time="0.001388"/>
        <testcase name="testOnlyWithNonExistentKeys" file="/var/www/html/tests/Unit/Utils/ParameterBagTest.php" line="160" class="Tests\Unit\Utils\ParameterBagTest" classname="Tests.Unit.Utils.ParameterBagTest" assertions="1" time="0.001394"/>
        <testcase name="testOnlyWithEmptyArray" file="/var/www/html/tests/Unit/Utils/ParameterBagTest.php" line="169" class="Tests\Unit\Utils\ParameterBagTest" classname="Tests.Unit.Utils.ParameterBagTest" assertions="1" time="0.001429"/>
        <testcase name="testIsEmptyReturnsTrueForEmptyBag" file="/var/www/html/tests/Unit/Utils/ParameterBagTest.php" line="179" class="Tests\Unit\Utils\ParameterBagTest" classname="Tests.Unit.Utils.ParameterBagTest" assertions="1" time="0.001414"/>
        <testcase name="testIsEmptyReturnsFalseForNonEmptyBag" file="/var/www/html/tests/Unit/Utils/ParameterBagTest.php" line="184" class="Tests\Unit\Utils\ParameterBagTest" classname="Tests.Unit.Utils.ParameterBagTest" assertions="1" time="0.001479"/>
        <testcase name="testIsEmptyReturnsTrueAfterClear" file="/var/www/html/tests/Unit/Utils/ParameterBagTest.php" line="191" class="Tests\Unit\Utils\ParameterBagTest" classname="Tests.Unit.Utils.ParameterBagTest" assertions="2" time="0.001454"/>
        <testcase name="testIsEmptyReturnsTrueAfterRemovingAllItems" file="/var/www/html/tests/Unit/Utils/ParameterBagTest.php" line="201" class="Tests\Unit\Utils\ParameterBagTest" classname="Tests.Unit.Utils.ParameterBagTest" assertions="2" time="0.001509"/>
        <testcase name="testChainedOperations" file="/var/www/html/tests/Unit/Utils/ParameterBagTest.php" line="213" class="Tests\Unit\Utils\ParameterBagTest" classname="Tests.Unit.Utils.ParameterBagTest" assertions="4" time="0.001478"/>
      </testsuite>
      <testsuite name="Tests\Unit\Utils\SessionBagTest" file="/var/www/html/tests/Unit/Utils/SessionBagTest.php" tests="19" assertions="53" errors="0" failures="0" skipped="0" time="0.031081">
        <testcase name="testConstructorDoesNotStartSession" file="/var/www/html/tests/Unit/Utils/SessionBagTest.php" line="36" class="Tests\Unit\Utils\SessionBagTest" classname="Tests.Unit.Utils.SessionBagTest" assertions="1" time="0.001612"/>
        <testcase name="testGetReturnsValueFromSession" file="/var/www/html/tests/Unit/Utils/SessionBagTest.php" line="43" class="Tests\Unit\Utils\SessionBagTest" classname="Tests.Unit.Utils.SessionBagTest" assertions="1" time="0.001658"/>
        <testcase name="testGetReturnsDefaultForNonExistentKey" file="/var/www/html/tests/Unit/Utils/SessionBagTest.php" line="50" class="Tests\Unit\Utils\SessionBagTest" classname="Tests.Unit.Utils.SessionBagTest" assertions="2" time="0.001517"/>
        <testcase name="testGetSupportsVariousDataTypes" file="/var/www/html/tests/Unit/Utils/SessionBagTest.php" line="56" class="Tests\Unit\Utils\SessionBagTest" classname="Tests.Unit.Utils.SessionBagTest" assertions="8" time="0.001611"/>
        <testcase name="testSetStoresValueInSession" file="/var/www/html/tests/Unit/Utils/SessionBagTest.php" line="77" class="Tests\Unit\Utils\SessionBagTest" classname="Tests.Unit.Utils.SessionBagTest" assertions="2" time="0.001525"/>
        <testcase name="testSetOverwritesExistingValue" file="/var/www/html/tests/Unit/Utils/SessionBagTest.php" line="85" class="Tests\Unit\Utils\SessionBagTest" classname="Tests.Unit.Utils.SessionBagTest" assertions="2" time="0.001500"/>
        <testcase name="testSetSupportsVariousDataTypes" file="/var/www/html/tests/Unit/Utils/SessionBagTest.php" line="95" class="Tests\Unit\Utils\SessionBagTest" classname="Tests.Unit.Utils.SessionBagTest" assertions="6" time="0.001656"/>
        <testcase name="testHasReturnsTrueForExistingKeys" file="/var/www/html/tests/Unit/Utils/SessionBagTest.php" line="112" class="Tests\Unit\Utils\SessionBagTest" classname="Tests.Unit.Utils.SessionBagTest" assertions="1" time="0.001732"/>
        <testcase name="testHasReturnsFalseForNonExistentKeys" file="/var/www/html/tests/Unit/Utils/SessionBagTest.php" line="119" class="Tests\Unit\Utils\SessionBagTest" classname="Tests.Unit.Utils.SessionBagTest" assertions="1" time="0.001623"/>
        <testcase name="testHasReturnsFalseForNullValues" file="/var/www/html/tests/Unit/Utils/SessionBagTest.php" line="124" class="Tests\Unit\Utils\SessionBagTest" classname="Tests.Unit.Utils.SessionBagTest" assertions="1" time="0.001589"/>
        <testcase name="testHasReturnsTrueForFalsyButSetValues" file="/var/www/html/tests/Unit/Utils/SessionBagTest.php" line="131" class="Tests\Unit\Utils\SessionBagTest" classname="Tests.Unit.Utils.SessionBagTest" assertions="4" time="0.001561"/>
        <testcase name="testRemoveDeletesKeyFromSession" file="/var/www/html/tests/Unit/Utils/SessionBagTest.php" line="144" class="Tests\Unit\Utils\SessionBagTest" classname="Tests.Unit.Utils.SessionBagTest" assertions="3" time="0.001523"/>
        <testcase name="testRemoveNonExistentKeyDoesNotThrow" file="/var/www/html/tests/Unit/Utils/SessionBagTest.php" line="155" class="Tests\Unit\Utils\SessionBagTest" classname="Tests.Unit.Utils.SessionBagTest" assertions="1" time="0.001536"/>
        <testcase name="testAllReturnsEntireSessionArray" file="/var/www/html/tests/Unit/Utils/SessionBagTest.php" line="163" class="Tests\Unit\Utils\SessionBagTest" classname="Tests.Unit.Utils.SessionBagTest" assertions="1" time="0.001898"/>
        <testcase name="testAllReturnsEmptyArrayWhenSessionEmpty" file="/var/www/html/tests/Unit/Utils/SessionBagTest.php" line="176" class="Tests\Unit\Utils\SessionBagTest" classname="Tests.Unit.Utils.SessionBagTest" assertions="1" time="0.001680"/>
        <testcase name="testClearRemovesAllSessionData" file="/var/www/html/tests/Unit/Utils/SessionBagTest.php" line="185" class="Tests\Unit\Utils\SessionBagTest" classname="Tests.Unit.Utils.SessionBagTest" assertions="5" time="0.001656"/>
        <testcase name="testDestroyCallsClearAndSessionDestroy" file="/var/www/html/tests/Unit/Utils/SessionBagTest.php" line="202" class="Tests\Unit\Utils\SessionBagTest" classname="Tests.Unit.Utils.SessionBagTest" assertions="2" time="0.001953"/>
        <testcase name="testSessionBagWorksWithComplexData" file="/var/www/html/tests/Unit/Utils/SessionBagTest.php" line="228" class="Tests\Unit\Utils\SessionBagTest" classname="Tests.Unit.Utils.SessionBagTest" assertions="3" time="0.001655"/>
        <testcase name="testChainedOperations" file="/var/www/html/tests/Unit/Utils/SessionBagTest.php" line="258" class="Tests\Unit\Utils\SessionBagTest" classname="Tests.Unit.Utils.SessionBagTest" assertions="8" time="0.001598"/>
      </testsuite>
      <testsuite name="Tests\Unit\Utils\UploadedFileTest" file="/var/www/html/tests/Unit/Utils/UploadedFileTest.php" tests="16" assertions="103" errors="0" failures="0" skipped="0" time="0.029786">
        <testcase name="testConstructorWithAllParameters" file="/var/www/html/tests/Unit/Utils/UploadedFileTest.php" line="49" class="Tests\Unit\Utils\UploadedFileTest" classname="Tests.Unit.Utils.UploadedFileTest" assertions="6" time="0.002987"/>
        <testcase name="testConstructorIsReadonly" file="/var/www/html/tests/Unit/Utils/UploadedFileTest.php" line="68" class="Tests\Unit\Utils\UploadedFileTest" classname="Tests.Unit.Utils.UploadedFileTest" assertions="1" time="0.001658"/>
        <testcase name="testGetExtensionReturnsCorrectExtension" file="/var/www/html/tests/Unit/Utils/UploadedFileTest.php" line="84" class="Tests\Unit\Utils\UploadedFileTest" classname="Tests.Unit.Utils.UploadedFileTest" assertions="10" time="0.001708"/>
        <testcase name="testGetMimeTypeReturnsType" file="/var/www/html/tests/Unit/Utils/UploadedFileTest.php" line="113" class="Tests\Unit\Utils\UploadedFileTest" classname="Tests.Unit.Utils.UploadedFileTest" assertions="8" time="0.001642"/>
        <testcase name="testMoveWithValidFile" file="/var/www/html/tests/Unit/Utils/UploadedFileTest.php" line="140" class="Tests\Unit\Utils\UploadedFileTest" classname="Tests.Unit.Utils.UploadedFileTest" assertions="2" time="0.001837"/>
        <testcase name="testMoveCallsMoveUploadedFile" file="/var/www/html/tests/Unit/Utils/UploadedFileTest.php" line="168" class="Tests\Unit\Utils\UploadedFileTest" classname="Tests.Unit.Utils.UploadedFileTest" assertions="1" time="0.001958"/>
        <testcase name="testDeleteWithExistingFile" file="/var/www/html/tests/Unit/Utils/UploadedFileTest.php" line="189" class="Tests\Unit\Utils\UploadedFileTest" classname="Tests.Unit.Utils.UploadedFileTest" assertions="3" time="0.001714"/>
        <testcase name="testDeleteWithNonExistentFile" file="/var/www/html/tests/Unit/Utils/UploadedFileTest.php" line="211" class="Tests\Unit\Utils\UploadedFileTest" classname="Tests.Unit.Utils.UploadedFileTest" assertions="2" time="0.001851"/>
        <testcase name="testUploadErrorCodes" file="/var/www/html/tests/Unit/Utils/UploadedFileTest.php" line="232" class="Tests\Unit\Utils\UploadedFileTest" classname="Tests.Unit.Utils.UploadedFileTest" assertions="8" time="0.001628"/>
        <testcase name="testVariousFileSizes" file="/var/www/html/tests/Unit/Utils/UploadedFileTest.php" line="259" class="Tests\Unit\Utils\UploadedFileTest" classname="Tests.Unit.Utils.UploadedFileTest" assertions="5" time="0.001564"/>
        <testcase name="testCommonFileTypes" file="/var/www/html/tests/Unit/Utils/UploadedFileTest.php" line="277" class="Tests\Unit\Utils\UploadedFileTest" classname="Tests.Unit.Utils.UploadedFileTest" assertions="20" time="0.001719"/>
        <testcase name="testFileWithSpecialCharactersInName" file="/var/www/html/tests/Unit/Utils/UploadedFileTest.php" line="307" class="Tests\Unit\Utils\UploadedFileTest" classname="Tests.Unit.Utils.UploadedFileTest" assertions="18" time="0.002138"/>
        <testcase name="testLargeFileHandling" file="/var/www/html/tests/Unit/Utils/UploadedFileTest.php" line="336" class="Tests\Unit\Utils\UploadedFileTest" classname="Tests.Unit.Utils.UploadedFileTest" assertions="3" time="0.001857"/>
        <testcase name="testUploadedFileWithEmptyName" file="/var/www/html/tests/Unit/Utils/UploadedFileTest.php" line="354" class="Tests\Unit\Utils\UploadedFileTest" classname="Tests.Unit.Utils.UploadedFileTest" assertions="3" time="0.001752"/>
        <testcase name="testUploadedFileImmutability" file="/var/www/html/tests/Unit/Utils/UploadedFileTest.php" line="370" class="Tests\Unit\Utils\UploadedFileTest" classname="Tests.Unit.Utils.UploadedFileTest" assertions="7" time="0.001775"/>
        <testcase name="testTypicalWebUploadScenario" file="/var/www/html/tests/Unit/Utils/UploadedFileTest.php" line="395" class="Tests\Unit\Utils\UploadedFileTest" classname="Tests.Unit.Utils.UploadedFileTest" assertions="6" time="0.001999"/>
      </testsuite>
      <testsuite name="Tests\Unit\Validation\ValidatorTest" file="/var/www/html/tests/Unit/Validation/ValidatorTest.php" tests="31" assertions="75" errors="0" failures="0" skipped="0" time="0.053427">
        <testcase name="testConstructorSetsDataAndRules" file="/var/www/html/tests/Unit/Validation/ValidatorTest.php" line="39" class="Tests\Unit\Validation\ValidatorTest" classname="Tests.Unit.Validation.ValidatorTest" assertions="1" time="0.001588"/>
        <testcase name="testPassesReturnsTrueForValidData" file="/var/www/html/tests/Unit/Validation/ValidatorTest.php" line="50" class="Tests\Unit\Validation\ValidatorTest" classname="Tests.Unit.Validation.ValidatorTest" assertions="2" time="0.002197"/>
        <testcase name="testFailsReturnsTrueForInvalidData" file="/var/www/html/tests/Unit/Validation/ValidatorTest.php" line="72" class="Tests\Unit\Validation\ValidatorTest" classname="Tests.Unit.Validation.ValidatorTest" assertions="2" time="0.001758"/>
        <testcase name="testErrorsReturnsParameterBag" file="/var/www/html/tests/Unit/Validation/ValidatorTest.php" line="92" class="Tests\Unit\Validation\ValidatorTest" classname="Tests.Unit.Validation.ValidatorTest" assertions="2" time="0.001614"/>
        <testcase name="testRequiredRuleFailsForEmptyString" file="/var/www/html/tests/Unit/Validation/ValidatorTest.php" line="108" class="Tests\Unit\Validation\ValidatorTest" classname="Tests.Unit.Validation.ValidatorTest" assertions="3" time="0.001678"/>
        <testcase name="testRequiredRuleFailsForNull" file="/var/www/html/tests/Unit/Validation/ValidatorTest.php" line="121" class="Tests\Unit\Validation\ValidatorTest" classname="Tests.Unit.Validation.ValidatorTest" assertions="1" time="0.001764"/>
        <testcase name="testRequiredRuleFailsForMissingField" file="/var/www/html/tests/Unit/Validation/ValidatorTest.php" line="130" class="Tests\Unit\Validation\ValidatorTest" classname="Tests.Unit.Validation.ValidatorTest" assertions="1" time="0.001711"/>
        <testcase name="testRequiredRulePassesForNonEmptyString" file="/var/www/html/tests/Unit/Validation/ValidatorTest.php" line="139" class="Tests\Unit\Validation\ValidatorTest" classname="Tests.Unit.Validation.ValidatorTest" assertions="2" time="0.001666"/>
        <testcase name="testRequiredRulePassesForZero" file="/var/www/html/tests/Unit/Validation/ValidatorTest.php" line="147" class="Tests\Unit\Validation\ValidatorTest" classname="Tests.Unit.Validation.ValidatorTest" assertions="1" time="0.001620"/>
        <testcase name="testEmailRulePassesForValidEmails" file="/var/www/html/tests/Unit/Validation/ValidatorTest.php" line="158" class="Tests\Unit\Validation\ValidatorTest" classname="Tests.Unit.Validation.ValidatorTest" assertions="5" time="0.001672"/>
        <testcase name="testEmailRuleFailsForInvalidEmails" file="/var/www/html/tests/Unit/Validation/ValidatorTest.php" line="174" class="Tests\Unit\Validation\ValidatorTest" classname="Tests.Unit.Validation.ValidatorTest" assertions="12" time="0.001835"/>
        <testcase name="testEmailRuleSkipsValidationForEmptyValue" file="/var/www/html/tests/Unit/Validation/ValidatorTest.php" line="197" class="Tests\Unit\Validation\ValidatorTest" classname="Tests.Unit.Validation.ValidatorTest" assertions="1" time="0.001593"/>
        <testcase name="testMinLengthRulePassesForSufficientLength" file="/var/www/html/tests/Unit/Validation/ValidatorTest.php" line="207" class="Tests\Unit\Validation\ValidatorTest" classname="Tests.Unit.Validation.ValidatorTest" assertions="3" time="0.001654"/>
        <testcase name="testMinLengthRuleFailsForInsufficientLength" file="/var/www/html/tests/Unit/Validation/ValidatorTest.php" line="221" class="Tests\Unit\Validation\ValidatorTest" classname="Tests.Unit.Validation.ValidatorTest" assertions="5" time="0.001769"/>
        <testcase name="testMinLengthRuleSkipsValidationForEmptyValue" file="/var/www/html/tests/Unit/Validation/ValidatorTest.php" line="245" class="Tests\Unit\Validation\ValidatorTest" classname="Tests.Unit.Validation.ValidatorTest" assertions="1" time="0.001846"/>
        <testcase name="testMinLengthRuleTrimsWhitespace" file="/var/www/html/tests/Unit/Validation/ValidatorTest.php" line="252" class="Tests\Unit\Validation\ValidatorTest" classname="Tests.Unit.Validation.ValidatorTest" assertions="1" time="0.001736"/>
        <testcase name="testEqualsRulePassesForMatchingValues" file="/var/www/html/tests/Unit/Validation/ValidatorTest.php" line="264" class="Tests\Unit\Validation\ValidatorTest" classname="Tests.Unit.Validation.ValidatorTest" assertions="1" time="0.001639"/>
        <testcase name="testEqualsRuleFailsForDifferentValues" file="/var/www/html/tests/Unit/Validation/ValidatorTest.php" line="277" class="Tests\Unit\Validation\ValidatorTest" classname="Tests.Unit.Validation.ValidatorTest" assertions="2" time="0.001665"/>
        <testcase name="testEqualsRuleFailsWhenComparisonFieldMissing" file="/var/www/html/tests/Unit/Validation/ValidatorTest.php" line="295" class="Tests\Unit\Validation\ValidatorTest" classname="Tests.Unit.Validation.ValidatorTest" assertions="1" time="0.001638"/>
        <testcase name="testEqualsRuleSkipsValidationForEmptyValue" file="/var/www/html/tests/Unit/Validation/ValidatorTest.php" line="307" class="Tests\Unit\Validation\ValidatorTest" classname="Tests.Unit.Validation.ValidatorTest" assertions="1" time="0.001589"/>
        <testcase name="testMultipleRulesForSingleField" file="/var/www/html/tests/Unit/Validation/ValidatorTest.php" line="322" class="Tests\Unit\Validation\ValidatorTest" classname="Tests.Unit.Validation.ValidatorTest" assertions="2" time="0.001622"/>
        <testcase name="testMultipleFieldsWithDifferentRules" file="/var/www/html/tests/Unit/Validation/ValidatorTest.php" line="338" class="Tests\Unit\Validation\ValidatorTest" classname="Tests.Unit.Validation.ValidatorTest" assertions="4" time="0.001719"/>
        <testcase name="testComplexValidationScenario" file="/var/www/html/tests/Unit/Validation/ValidatorTest.php" line="363" class="Tests\Unit\Validation\ValidatorTest" classname="Tests.Unit.Validation.ValidatorTest" assertions="2" time="0.001687"/>
        <testcase name="testMacroCanBeAdded" file="/var/www/html/tests/Unit/Validation/ValidatorTest.php" line="391" class="Tests\Unit\Validation\ValidatorTest" classname="Tests.Unit.Validation.ValidatorTest" assertions="1" time="0.001598"/>
        <testcase name="testMacroValidationFails" file="/var/www/html/tests/Unit/Validation/ValidatorTest.php" line="411" class="Tests\Unit\Validation\ValidatorTest" classname="Tests.Unit.Validation.ValidatorTest" assertions="2" time="0.001639"/>
        <testcase name="testMacroWithParameters" file="/var/www/html/tests/Unit/Validation/ValidatorTest.php" line="436" class="Tests\Unit\Validation\ValidatorTest" classname="Tests.Unit.Validation.ValidatorTest" assertions="2" time="0.001919"/>
        <testcase name="testUndefinedValidationRuleThrowsException" file="/var/www/html/tests/Unit/Validation/ValidatorTest.php" line="462" class="Tests\Unit\Validation\ValidatorTest" classname="Tests.Unit.Validation.ValidatorTest" assertions="2" time="0.001792"/>
        <testcase name="testBuiltInRulesHavePrecedenceOverMacros" file="/var/www/html/tests/Unit/Validation/ValidatorTest.php" line="475" class="Tests\Unit\Validation\ValidatorTest" classname="Tests.Unit.Validation.ValidatorTest" assertions="3" time="0.001905"/>
        <testcase name="testMultipleMacrosCanBeRegistered" file="/var/www/html/tests/Unit/Validation/ValidatorTest.php" line="501" class="Tests\Unit\Validation\ValidatorTest" classname="Tests.Unit.Validation.ValidatorTest" assertions="4" time="0.001813"/>
        <testcase name="testMacroAccessToValidatorInternals" file="/var/www/html/tests/Unit/Validation/ValidatorTest.php" line="544" class="Tests\Unit\Validation\ValidatorTest" classname="Tests.Unit.Validation.ValidatorTest" assertions="3" time="0.001763"/>
        <testcase name="testValidatorCanBeExtendedWithComplexMacros" file="/var/www/html/tests/Unit/Validation/ValidatorTest.php" line="585" class="Tests\Unit\Validation\ValidatorTest" classname="Tests.Unit.Validation.ValidatorTest" assertions="2" time="0.001736"/>
      </testsuite>
    </testsuite>
  </testsuite>
</testsuites>
